<?xml version="1.0" encoding="UTF-8"?>
<coverage generated="1768229594113" clover="3.2.0">
  <project timestamp="1768229594114" name="All files">
    <metrics statements="235" coveredstatements="227" conditionals="254" coveredconditionals="195" methods="112" coveredmethods="99" elements="601" coveredelements="521" complexity="0" loc="235" ncloc="235" packages="15" files="30" classes="30"/>
    <package name="components.cards">
      <metrics statements="15" coveredstatements="14" conditionals="16" coveredconditionals="11" methods="10" coveredmethods="6"/>
      <file name="CardListContainer.tsx" path="C:\development\fog-ui\src\components\cards\CardListContainer.tsx">
        <metrics statements="3" coveredstatements="3" conditionals="4" coveredconditionals="2" methods="2" coveredmethods="2"/>
        <line num="18" count="1" type="stmt"/>
        <line num="19" count="1" type="stmt"/>
        <line num="22" count="1" type="stmt"/>
      </file>
      <file name="CardView.tsx" path="C:\development\fog-ui\src\components\cards\CardView.tsx">
        <metrics statements="2" coveredstatements="2" conditionals="6" coveredconditionals="4" methods="1" coveredmethods="1"/>
        <line num="12" count="2" type="stmt"/>
        <line num="13" count="2" type="stmt"/>
      </file>
      <file name="PermissionCard.tsx" path="C:\development\fog-ui\src\components\cards\PermissionCard.tsx">
        <metrics statements="4" coveredstatements="4" conditionals="0" coveredconditionals="0" methods="3" coveredmethods="2"/>
        <line num="18" count="1" type="stmt"/>
        <line num="19" count="3" type="stmt"/>
        <line num="21" count="3" type="stmt"/>
        <line num="28" count="3" type="stmt"/>
      </file>
      <file name="UserGroupCard.tsx" path="C:\development\fog-ui\src\components\cards\UserGroupCard.tsx">
        <metrics statements="6" coveredstatements="5" conditionals="6" coveredconditionals="5" methods="4" coveredmethods="1"/>
        <line num="19" count="2" type="stmt"/>
        <line num="20" count="3" type="stmt"/>
        <line num="22" count="3" type="stmt"/>
        <line num="28" count="3" type="stmt"/>
        <line num="34" count="3" type="stmt"/>
        <line num="42" count="0" type="stmt"/>
      </file>
    </package>
    <package name="components.cards.metricCard">
      <metrics statements="9" coveredstatements="9" conditionals="24" coveredconditionals="9" methods="2" coveredmethods="2"/>
      <file name="MetricCardGrid.tsx" path="C:\development\fog-ui\src\components\cards\metricCard\MetricCardGrid.tsx">
        <metrics statements="8" coveredstatements="8" conditionals="24" coveredconditionals="9" methods="2" coveredmethods="2"/>
        <line num="7" count="1" type="stmt"/>
        <line num="8" count="1" type="stmt"/>
        <line num="9" count="1" type="stmt"/>
        <line num="11" count="1" type="stmt"/>
        <line num="14" count="1" type="cond" truecount="1" falsecount="1"/>
        <line num="15" count="1" type="cond" truecount="1" falsecount="1"/>
        <line num="17" count="1" type="cond" truecount="5" falsecount="3"/>
        <line num="19" count="1" type="stmt"/>
      </file>
      <file name="MetricCardType.ts" path="C:\development\fog-ui\src\components\cards\metricCard\MetricCardType.ts">
        <metrics statements="1" coveredstatements="1" conditionals="0" coveredconditionals="0" methods="0" coveredmethods="0"/>
        <line num="26" count="1" type="stmt"/>
      </file>
    </package>
    <package name="components.charts.TrendAnalyticsChart">
      <metrics statements="5" coveredstatements="5" conditionals="3" coveredconditionals="3" methods="3" coveredmethods="3"/>
      <file name="TrendAnalyticsChart.tsx" path="C:\development\fog-ui\src\components\charts\TrendAnalyticsChart\TrendAnalyticsChart.tsx">
        <metrics statements="5" coveredstatements="5" conditionals="3" coveredconditionals="3" methods="3" coveredmethods="3"/>
        <line num="6" count="1" type="stmt"/>
        <line num="7" count="2" type="stmt"/>
        <line num="9" count="2" type="stmt"/>
        <line num="21" count="1" type="stmt"/>
        <line num="31" count="1" type="stmt"/>
      </file>
    </package>
    <package name="components.charts.pieChart">
      <metrics statements="4" coveredstatements="4" conditionals="4" coveredconditionals="4" methods="3" coveredmethods="3"/>
      <file name="GenericPieChart.tsx" path="C:\development\fog-ui\src\components\charts\pieChart\GenericPieChart.tsx">
        <metrics statements="4" coveredstatements="4" conditionals="4" coveredconditionals="4" methods="3" coveredmethods="3"/>
        <line num="8" count="2" type="stmt"/>
        <line num="9" count="3" type="stmt"/>
        <line num="17" count="2" type="stmt"/>
        <line num="27" count="2" type="stmt"/>
      </file>
    </package>
    <package name="components.forms">
      <metrics statements="87" coveredstatements="83" conditionals="121" coveredconditionals="98" methods="35" coveredmethods="31"/>
      <file name="Form.tsx" path="C:\development\fog-ui\src\components\forms\Form.tsx">
        <metrics statements="69" coveredstatements="65" conditionals="97" coveredconditionals="77" methods="29" coveredmethods="25"/>
        <line num="10" count="9" type="stmt"/>
        <line num="19" count="35" type="stmt"/>
        <line num="20" count="35" type="stmt"/>
        <line num="21" count="35" type="stmt"/>
        <line num="22" count="15" type="stmt"/>
        <line num="23" count="21" type="stmt"/>
        <line num="27" count="21" type="stmt"/>
        <line num="31" count="35" type="stmt"/>
        <line num="32" count="18" type="stmt"/>
        <line num="33" count="24" type="stmt"/>
        <line num="37" count="24" type="stmt"/>
        <line num="40" count="18" type="cond" truecount="2" falsecount="0"/>
        <line num="41" count="1" type="stmt"/>
        <line num="46" count="35" type="stmt"/>
        <line num="47" count="18" type="stmt"/>
        <line num="48" count="18" type="stmt"/>
        <line num="49" count="24" type="cond" truecount="2" falsecount="0"/>
        <line num="50" count="2" type="stmt"/>
        <line num="51" count="2" type="stmt"/>
        <line num="52" count="1" type="stmt"/>
        <line num="54" count="1" type="stmt"/>
        <line num="63" count="1" type="stmt"/>
        <line num="66" count="1" type="cond" truecount="1" falsecount="1"/>
        <line num="71" count="0" type="stmt"/>
        <line num="77" count="1" type="stmt"/>
        <line num="79" count="22" type="cond" truecount="2" falsecount="0"/>
        <line num="85" count="1" type="stmt"/>
        <line num="93" count="18" type="stmt"/>
        <line num="96" count="35" type="stmt"/>
        <line num="97" count="12" type="stmt"/>
        <line num="98" count="11" type="cond" truecount="1" falsecount="1"/>
        <line num="100" count="11" type="cond" truecount="2" falsecount="0"/>
        <line num="101" count="11" type="stmt"/>
        <line num="102" count="2" type="cond" truecount="1" falsecount="0"/>
        <line num="103" count="2" type="stmt"/>
        <line num="104" count="2" type="cond" truecount="1" falsecount="1"/>
        <line num="105" count="2" type="stmt"/>
        <line num="106" count="2" type="cond" truecount="1" falsecount="1"/>
        <line num="110" count="9" type="cond" truecount="6" falsecount="0"/>
        <line num="111" count="1" type="stmt"/>
        <line num="114" count="8" type="stmt"/>
        <line num="117" count="35" type="stmt"/>
        <line num="118" count="11" type="stmt"/>
        <line num="119" count="11" type="stmt"/>
        <line num="120" count="11" type="stmt"/>
        <line num="121" count="11" type="cond" truecount="2" falsecount="0"/>
        <line num="124" count="35" type="stmt"/>
        <line num="125" count="2" type="stmt"/>
        <line num="126" count="2" type="cond" truecount="1" falsecount="1"/>
        <line num="129" count="35" type="stmt"/>
        <line num="133" count="40" type="cond" truecount="1" falsecount="1"/>
        <line num="135" count="40" type="cond" truecount="12" falsecount="0"/>
        <line num="143" count="17" type="stmt"/>
        <line num="157" count="9" type="stmt"/>
        <line num="164" count="7" type="stmt"/>
        <line num="171" count="0" type="stmt"/>
        <line num="176" count="2" type="stmt"/>
        <line num="186" count="2" type="stmt"/>
        <line num="194" count="0" type="stmt"/>
        <line num="198" count="4" type="stmt"/>
        <line num="200" count="4" type="stmt"/>
        <line num="201" count="4" type="cond" truecount="1" falsecount="1"/>
        <line num="207" count="4" type="stmt"/>
        <line num="217" count="7" type="stmt"/>
        <line num="224" count="1" type="stmt"/>
        <line num="234" count="4" type="stmt"/>
        <line num="238" count="1" type="stmt"/>
        <line num="244" count="3" type="stmt"/>
        <line num="261" count="0" type="stmt"/>
      </file>
      <file name="SearchForm.tsx" path="C:\development\fog-ui\src\components\forms\SearchForm.tsx">
        <metrics statements="2" coveredstatements="2" conditionals="0" coveredconditionals="0" methods="1" coveredmethods="1"/>
        <line num="13" count="1" type="stmt"/>
        <line num="14" count="1" type="stmt"/>
      </file>
      <file name="validation.ts" path="C:\development\fog-ui\src\components\forms\validation.ts">
        <metrics statements="16" coveredstatements="16" conditionals="24" coveredconditionals="21" methods="5" coveredmethods="5"/>
        <line num="3" count="10" type="stmt"/>
        <line num="5" count="3" type="cond" truecount="6" falsecount="0"/>
        <line num="6" count="2" type="stmt"/>
        <line num="7" count="1" type="stmt"/>
        <line num="11" count="3" type="cond" truecount="2" falsecount="0"/>
        <line num="12" count="2" type="stmt"/>
        <line num="13" count="2" type="cond" truecount="2" falsecount="0"/>
        <line num="17" count="4" type="cond" truecount="2" falsecount="0"/>
        <line num="18" count="3" type="cond" truecount="1" falsecount="1"/>
        <line num="22" count="1" type="cond" truecount="1" falsecount="1"/>
        <line num="23" count="1" type="cond" truecount="1" falsecount="1"/>
        <line num="27" count="4" type="stmt"/>
        <line num="28" count="4" type="cond" truecount="2" falsecount="0"/>
        <line num="29" count="3" type="cond" truecount="2" falsecount="0"/>
        <line num="30" count="2" type="cond" truecount="2" falsecount="0"/>
        <line num="31" count="1" type="stmt"/>
      </file>
    </package>
    <package name="components.lists">
      <metrics statements="13" coveredstatements="13" conditionals="12" coveredconditionals="8" methods="8" coveredmethods="8"/>
      <file name="AccordionList.tsx" path="C:\development\fog-ui\src\components\lists\AccordionList.tsx">
        <metrics statements="3" coveredstatements="3" conditionals="2" coveredconditionals="1" methods="2" coveredmethods="2"/>
        <line num="16" count="1" type="stmt"/>
        <line num="17" count="1" type="stmt"/>
        <line num="19" count="1" type="stmt"/>
      </file>
      <file name="CircularProgressList.tsx" path="C:\development\fog-ui\src\components\lists\CircularProgressList.tsx">
        <metrics statements="3" coveredstatements="3" conditionals="2" coveredconditionals="1" methods="2" coveredmethods="2"/>
        <line num="14" count="1" type="stmt"/>
        <line num="15" count="1" type="stmt"/>
        <line num="18" count="1" type="stmt"/>
      </file>
      <file name="List.tsx" path="C:\development\fog-ui\src\components\lists\List.tsx">
        <metrics statements="7" coveredstatements="7" conditionals="8" coveredconditionals="6" methods="4" coveredmethods="4"/>
        <line num="19" count="2" type="stmt"/>
        <line num="20" count="3" type="stmt"/>
        <line num="22" count="3" type="stmt"/>
        <line num="23" count="1" type="cond" truecount="1" falsecount="1"/>
        <line num="24" count="1" type="stmt"/>
        <line num="28" count="3" type="stmt"/>
        <line num="31" count="3" type="stmt"/>
      </file>
    </package>
    <package name="components.popup">
      <metrics statements="3" coveredstatements="3" conditionals="0" coveredconditionals="0" methods="2" coveredmethods="2"/>
      <file name="popup.tsx" path="C:\development\fog-ui\src\components\popup\popup.tsx">
        <metrics statements="3" coveredstatements="3" conditionals="0" coveredconditionals="0" methods="2" coveredmethods="2"/>
        <line num="21" count="1" type="stmt"/>
        <line num="22" count="3" type="stmt"/>
        <line num="33" count="1" type="stmt"/>
      </file>
    </package>
    <package name="components.table">
      <metrics statements="35" coveredstatements="35" conditionals="58" coveredconditionals="49" methods="16" coveredmethods="16"/>
      <file name="DataLoading.tsx" path="C:\development\fog-ui\src\components\table\DataLoading.tsx">
        <metrics statements="1" coveredstatements="1" conditionals="0" coveredconditionals="0" methods="1" coveredmethods="1"/>
        <line num="5" count="5" type="stmt"/>
      </file>
      <file name="DataRow.tsx" path="C:\development\fog-ui\src\components\table\DataRow.tsx">
        <metrics statements="3" coveredstatements="3" conditionals="10" coveredconditionals="8" methods="3" coveredmethods="3"/>
        <line num="7" count="9" type="stmt"/>
        <line num="8" count="5" type="stmt"/>
        <line num="15" count="9" type="cond" truecount="3" falsecount="1"/>
      </file>
      <file name="DataTable.tsx" path="C:\development\fog-ui\src\components\table\DataTable.tsx">
        <metrics statements="19" coveredstatements="19" conditionals="28" coveredconditionals="24" methods="6" coveredmethods="6"/>
        <line num="32" count="11" type="stmt"/>
        <line num="33" count="11" type="stmt"/>
        <line num="35" count="11" type="stmt"/>
        <line num="36" count="4" type="cond" truecount="2" falsecount="0"/>
        <line num="39" count="11" type="stmt"/>
        <line num="40" count="9" type="cond" truecount="4" falsecount="0"/>
        <line num="41" count="3" type="cond" truecount="2" falsecount="0"/>
        <line num="43" count="2" type="stmt"/>
        <line num="44" count="2" type="cond" truecount="1" falsecount="1"/>
        <line num="45" count="2" type="stmt"/>
        <line num="46" count="2" type="stmt"/>
        <line num="51" count="11" type="cond" truecount="2" falsecount="0"/>
        <line num="52" count="1" type="stmt"/>
        <line num="53" count="8" type="cond" truecount="2" falsecount="0"/>
        <line num="54" count="1" type="stmt"/>
        <line num="57" count="7" type="stmt"/>
        <line num="73" count="7" type="cond" truecount="1" falsecount="1"/>
        <line num="74" count="7" type="stmt"/>
        <line num="76" count="7" type="stmt"/>
      </file>
      <file name="NestedTable.tsx" path="C:\development\fog-ui\src\components\table\NestedTable.tsx">
        <metrics statements="9" coveredstatements="9" conditionals="11" coveredconditionals="9" methods="3" coveredmethods="3"/>
        <line num="21" count="9" type="cond" truecount="2" falsecount="0"/>
        <line num="22" count="7" type="stmt"/>
        <line num="24" count="7" type="cond" truecount="2" falsecount="0"/>
        <line num="25" count="1" type="stmt"/>
        <line num="26" count="6" type="cond" truecount="2" falsecount="0"/>
        <line num="27" count="1" type="stmt"/>
        <line num="30" count="5" type="stmt"/>
        <line num="39" count="5" type="cond" truecount="1" falsecount="1"/>
        <line num="41" count="5" type="stmt"/>
      </file>
      <file name="NoDataTableRow.tsx" path="C:\development\fog-ui\src\components\table\NoDataTableRow.tsx">
        <metrics statements="1" coveredstatements="1" conditionals="1" coveredconditionals="1" methods="1" coveredmethods="1"/>
        <line num="6" count="3" type="stmt"/>
      </file>
      <file name="TableHeader.tsx" path="C:\development\fog-ui\src\components\table\TableHeader.tsx">
        <metrics statements="2" coveredstatements="2" conditionals="8" coveredconditionals="7" methods="2" coveredmethods="2"/>
        <line num="9" count="12" type="stmt"/>
        <line num="14" count="12" type="cond" truecount="2" falsecount="0"/>
      </file>
    </package>
    <package name="components.tabs">
      <metrics statements="7" coveredstatements="6" conditionals="2" coveredconditionals="2" methods="4" coveredmethods="3"/>
      <file name="Tabs.tsx" path="C:\development\fog-ui\src\components\tabs\Tabs.tsx">
        <metrics statements="7" coveredstatements="6" conditionals="2" coveredconditionals="2" methods="4" coveredmethods="3"/>
        <line num="5" count="1" type="stmt"/>
        <line num="6" count="1" type="stmt"/>
        <line num="8" count="1" type="stmt"/>
        <line num="9" count="0" type="stmt"/>
        <line num="12" count="1" type="stmt"/>
        <line num="15" count="2" type="stmt"/>
        <line num="20" count="2" type="stmt"/>
      </file>
    </package>
    <package name="components.template">
      <metrics statements="33" coveredstatements="32" conditionals="6" coveredconditionals="5" methods="13" coveredmethods="12"/>
      <file name="PageWrapper.tsx" path="C:\development\fog-ui\src\components\template\PageWrapper.tsx">
        <metrics statements="24" coveredstatements="23" conditionals="6" coveredconditionals="5" methods="10" coveredmethods="9"/>
        <line num="16" count="3" type="stmt"/>
        <line num="17" count="6" type="stmt"/>
        <line num="18" count="6" type="stmt"/>
        <line num="19" count="6" type="stmt"/>
        <line num="20" count="6" type="stmt"/>
        <line num="22" count="6" type="stmt"/>
        <line num="23" count="3" type="cond" truecount="2" falsecount="0"/>
        <line num="27" count="6" type="stmt"/>
        <line num="29" count="6" type="stmt"/>
        <line num="30" count="1" type="stmt"/>
        <line num="31" count="1" type="stmt"/>
        <line num="32" count="1" type="stmt"/>
        <line num="35" count="6" type="stmt"/>
        <line num="36" count="3" type="stmt"/>
        <line num="37" count="1" type="cond" truecount="3" falsecount="1"/>
        <line num="38" count="1" type="stmt"/>
        <line num="42" count="3" type="stmt"/>
        <line num="43" count="3" type="stmt"/>
        <line num="46" count="6" type="stmt"/>
        <line num="52" count="0" type="stmt"/>
        <line num="56" count="6" type="stmt"/>
        <line num="67" count="4" type="stmt"/>
        <line num="70" count="4" type="stmt"/>
        <line num="71" count="1" type="stmt"/>
      </file>
      <file name="Topbar.tsx" path="C:\development\fog-ui\src\components\template\Topbar.tsx">
        <metrics statements="9" coveredstatements="9" conditionals="0" coveredconditionals="0" methods="3" coveredmethods="3"/>
        <line num="6" count="5" type="stmt"/>
        <line num="7" count="8" type="stmt"/>
        <line num="9" count="8" type="stmt"/>
        <line num="10" count="1" type="stmt"/>
        <line num="13" count="8" type="stmt"/>
        <line num="14" count="1" type="stmt"/>
        <line num="15" count="1" type="stmt"/>
        <line num="16" count="1" type="stmt"/>
        <line num="19" count="8" type="stmt"/>
      </file>
    </package>
    <package name="context">
      <metrics statements="15" coveredstatements="14" conditionals="6" coveredconditionals="5" methods="9" coveredmethods="6"/>
      <file name="ThemeContext.tsx" path="C:\development\fog-ui\src\context\ThemeContext.tsx">
        <metrics statements="15" coveredstatements="14" conditionals="6" coveredconditionals="5" methods="9" coveredmethods="6"/>
        <line num="11" count="33" type="stmt"/>
        <line num="18" count="33" type="stmt"/>
        <line num="19" count="65" type="stmt"/>
        <line num="20" count="65" type="cond" truecount="2" falsecount="0"/>
        <line num="22" count="65" type="cond" truecount="2" falsecount="0"/>
        <line num="23" count="65" type="stmt"/>
        <line num="25" count="65" type="stmt"/>
        <line num="27" count="65" type="stmt"/>
        <line num="29" count="65" type="stmt"/>
        <line num="30" count="46" type="stmt"/>
        <line num="42" count="65" type="stmt"/>
        <line num="43" count="1" type="cond" truecount="1" falsecount="1"/>
        <line num="46" count="65" type="stmt"/>
        <line num="47" count="0" type="stmt"/>
        <line num="50" count="65" type="stmt"/>
      </file>
    </package>
    <package name="hooks">
      <metrics statements="1" coveredstatements="1" conditionals="0" coveredconditionals="0" methods="1" coveredmethods="1"/>
      <file name="useResolvedMenu.ts" path="C:\development\fog-ui\src\hooks\useResolvedMenu.ts">
        <metrics statements="1" coveredstatements="1" conditionals="0" coveredconditionals="0" methods="1" coveredmethods="1"/>
        <line num="6" count="6" type="stmt"/>
      </file>
    </package>
    <package name="style.muiComponentStyles">
      <metrics statements="3" coveredstatements="3" conditionals="0" coveredconditionals="0" methods="3" coveredmethods="3"/>
      <file name="containerStyles.ts" path="C:\development\fog-ui\src\style\muiComponentStyles\containerStyles.ts">
        <metrics statements="2" coveredstatements="2" conditionals="0" coveredconditionals="0" methods="2" coveredmethods="2"/>
        <line num="3" count="5" type="stmt"/>
        <line num="11" count="5" type="stmt"/>
      </file>
      <file name="sharedComponentStyles.ts" path="C:\development\fog-ui\src\style\muiComponentStyles\sharedComponentStyles.ts">
        <metrics statements="1" coveredstatements="1" conditionals="0" coveredconditionals="0" methods="1" coveredmethods="1"/>
        <line num="3" count="1" type="stmt"/>
      </file>
    </package>
    <package name="test">
      <metrics statements="3" coveredstatements="3" conditionals="0" coveredconditionals="0" methods="2" coveredmethods="2"/>
      <file name="utils.tsx" path="C:\development\fog-ui\src\test\utils.tsx">
        <metrics statements="3" coveredstatements="3" conditionals="0" coveredconditionals="0" methods="2" coveredmethods="2"/>
        <line num="6" count="33" type="stmt"/>
        <line num="7" count="64" type="stmt"/>
        <line num="12" count="45" type="stmt"/>
      </file>
    </package>
    <package name="theme">
      <metrics statements="2" coveredstatements="2" conditionals="2" coveredconditionals="1" methods="1" coveredmethods="1"/>
      <file name="theme.ts" path="C:\development\fog-ui\src\theme\theme.ts">
        <metrics statements="2" coveredstatements="2" conditionals="2" coveredconditionals="1" methods="1" coveredmethods="1"/>
        <line num="4" count="1" type="stmt"/>
        <line num="15" count="1" type="cond" truecount="1" falsecount="1"/>
      </file>
    </package>
  </project>
</coverage>
