<?xml version="1.0" encoding="UTF-8"?>
<coverage generated="1768242779613" clover="3.2.0">
  <project timestamp="1768242779613" name="All files">
    <metrics statements="257" coveredstatements="250" conditionals="263" coveredconditionals="222" methods="117" coveredmethods="112" elements="637" coveredelements="584" complexity="0" loc="257" ncloc="257" packages="16" files="35" classes="35"/>
    <package name="src">
      <metrics statements="0" coveredstatements="0" conditionals="0" coveredconditionals="0" methods="0" coveredmethods="0"/>
      <file name="index.ts" path="C:\development\fog-ui\src\index.ts">
        <metrics statements="0" coveredstatements="0" conditionals="0" coveredconditionals="0" methods="0" coveredmethods="0"/>
      </file>
    </package>
    <package name="src.components.cards">
      <metrics statements="25" coveredstatements="25" conditionals="20" coveredconditionals="18" methods="12" coveredmethods="12"/>
      <file name="CardListContainer.tsx" path="C:\development\fog-ui\src\components\cards\CardListContainer.tsx">
        <metrics statements="3" coveredstatements="3" conditionals="4" coveredconditionals="3" methods="2" coveredmethods="2"/>
        <line num="18" count="2" type="stmt"/>
        <line num="19" count="4" type="stmt"/>
        <line num="22" count="3" type="stmt"/>
      </file>
      <file name="CardView.tsx" path="C:\development\fog-ui\src\components\cards\CardView.tsx">
        <metrics statements="2" coveredstatements="2" conditionals="6" coveredconditionals="5" methods="1" coveredmethods="1"/>
        <line num="12" count="3" type="stmt"/>
        <line num="13" count="8" type="stmt"/>
      </file>
      <file name="FilterFormCard.tsx" path="C:\development\fog-ui\src\components\cards\FilterFormCard.tsx">
        <metrics statements="6" coveredstatements="6" conditionals="0" coveredconditionals="0" methods="2" coveredmethods="2"/>
        <line num="15" count="2" type="stmt"/>
        <line num="17" count="3" type="stmt"/>
        <line num="18" count="2" type="stmt"/>
        <line num="19" count="2" type="stmt"/>
        <line num="21" count="1" type="stmt"/>
        <line num="25" count="3" type="stmt"/>
      </file>
      <file name="PermissionCard.tsx" path="C:\development\fog-ui\src\components\cards\PermissionCard.tsx">
        <metrics statements="8" coveredstatements="8" conditionals="4" coveredconditionals="4" methods="3" coveredmethods="3"/>
        <line num="18" count="3" type="stmt"/>
        <line num="19" count="8" type="stmt"/>
        <line num="21" count="4" type="cond" truecount="4" falsecount="0"/>
        <line num="22" count="1" type="stmt"/>
        <line num="23" count="1" type="stmt"/>
        <line num="26" count="3" type="stmt"/>
        <line num="29" count="8" type="stmt"/>
        <line num="36" count="8" type="stmt"/>
      </file>
      <file name="UserGroupCard.tsx" path="C:\development\fog-ui\src\components\cards\UserGroupCard.tsx">
        <metrics statements="6" coveredstatements="6" conditionals="6" coveredconditionals="6" methods="4" coveredmethods="4"/>
        <line num="19" count="3" type="stmt"/>
        <line num="20" count="6" type="stmt"/>
        <line num="22" count="6" type="stmt"/>
        <line num="28" count="6" type="stmt"/>
        <line num="34" count="6" type="stmt"/>
        <line num="42" count="2" type="stmt"/>
      </file>
    </package>
    <package name="src.components.cards.metricCard">
      <metrics statements="9" coveredstatements="9" conditionals="24" coveredconditionals="22" methods="2" coveredmethods="2"/>
      <file name="MetricCardGrid.tsx" path="C:\development\fog-ui\src\components\cards\metricCard\MetricCardGrid.tsx">
        <metrics statements="8" coveredstatements="8" conditionals="24" coveredconditionals="22" methods="2" coveredmethods="2"/>
        <line num="7" count="2" type="stmt"/>
        <line num="8" count="3" type="stmt"/>
        <line num="9" count="3" type="stmt"/>
        <line num="11" count="3" type="stmt"/>
        <line num="14" count="4" type="cond" truecount="2" falsecount="0"/>
        <line num="15" count="4" type="cond" truecount="2" falsecount="0"/>
        <line num="17" count="4" type="cond" truecount="8" falsecount="0"/>
        <line num="19" count="4" type="stmt"/>
      </file>
      <file name="MetricCardType.ts" path="C:\development\fog-ui\src\components\cards\metricCard\MetricCardType.ts">
        <metrics statements="1" coveredstatements="1" conditionals="0" coveredconditionals="0" methods="0" coveredmethods="0"/>
        <line num="26" count="2" type="stmt"/>
      </file>
    </package>
    <package name="src.components.charts.TrendAnalyticsChart">
      <metrics statements="5" coveredstatements="5" conditionals="3" coveredconditionals="3" methods="3" coveredmethods="3"/>
      <file name="TrendAnalyticsChart.tsx" path="C:\development\fog-ui\src\components\charts\TrendAnalyticsChart\TrendAnalyticsChart.tsx">
        <metrics statements="5" coveredstatements="5" conditionals="3" coveredconditionals="3" methods="3" coveredmethods="3"/>
        <line num="6" count="2" type="stmt"/>
        <line num="7" count="2" type="stmt"/>
        <line num="9" count="2" type="stmt"/>
        <line num="21" count="1" type="stmt"/>
        <line num="31" count="1" type="stmt"/>
      </file>
    </package>
    <package name="src.components.charts.pieChart">
      <metrics statements="4" coveredstatements="4" conditionals="4" coveredconditionals="4" methods="3" coveredmethods="3"/>
      <file name="GenericPieChart.tsx" path="C:\development\fog-ui\src\components\charts\pieChart\GenericPieChart.tsx">
        <metrics statements="4" coveredstatements="4" conditionals="4" coveredconditionals="4" methods="3" coveredmethods="3"/>
        <line num="8" count="3" type="stmt"/>
        <line num="9" count="3" type="stmt"/>
        <line num="17" count="2" type="stmt"/>
        <line num="27" count="2" type="stmt"/>
      </file>
    </package>
    <package name="src.components.forms">
      <metrics statements="99" coveredstatements="93" conditionals="126" coveredconditionals="102" methods="38" coveredmethods="34"/>
      <file name="Form.tsx" path="C:\development\fog-ui\src\components\forms\Form.tsx">
        <metrics statements="69" coveredstatements="64" conditionals="97" coveredconditionals="76" methods="28" coveredmethods="24"/>
        <line num="10" count="13" type="stmt"/>
        <line num="19" count="67" type="stmt"/>
        <line num="20" count="67" type="stmt"/>
        <line num="21" count="67" type="stmt"/>
        <line num="22" count="23" type="stmt"/>
        <line num="23" count="29" type="stmt"/>
        <line num="27" count="29" type="stmt"/>
        <line num="31" count="67" type="stmt"/>
        <line num="32" count="58" type="stmt"/>
        <line num="33" count="72" type="stmt"/>
        <line num="37" count="72" type="stmt"/>
        <line num="40" count="58" type="cond" truecount="2" falsecount="0"/>
        <line num="41" count="16" type="stmt"/>
        <line num="46" count="67" type="stmt"/>
        <line num="47" count="57" type="stmt"/>
        <line num="48" count="57" type="stmt"/>
        <line num="49" count="71" type="cond" truecount="2" falsecount="0"/>
        <line num="50" count="2" type="stmt"/>
        <line num="51" count="2" type="stmt"/>
        <line num="52" count="1" type="stmt"/>
        <line num="54" count="1" type="stmt"/>
        <line num="63" count="1" type="stmt"/>
        <line num="66" count="1" type="cond" truecount="1" falsecount="1"/>
        <line num="71" count="0" type="stmt"/>
        <line num="77" count="1" type="stmt"/>
        <line num="79" count="69" type="cond" truecount="2" falsecount="0"/>
        <line num="85" count="1" type="stmt"/>
        <line num="93" count="57" type="stmt"/>
        <line num="96" count="67" type="stmt"/>
        <line num="97" count="16" type="stmt"/>
        <line num="98" count="15" type="cond" truecount="1" falsecount="1"/>
        <line num="100" count="15" type="cond" truecount="2" falsecount="0"/>
        <line num="101" count="15" type="stmt"/>
        <line num="102" count="2" type="cond" truecount="1" falsecount="0"/>
        <line num="103" count="2" type="stmt"/>
        <line num="104" count="2" type="cond" truecount="1" falsecount="1"/>
        <line num="105" count="2" type="stmt"/>
        <line num="106" count="2" type="cond" truecount="1" falsecount="1"/>
        <line num="110" count="13" type="cond" truecount="5" falsecount="1"/>
        <line num="111" count="0" type="stmt"/>
        <line num="114" count="13" type="stmt"/>
        <line num="117" count="67" type="stmt"/>
        <line num="118" count="15" type="stmt"/>
        <line num="119" count="15" type="stmt"/>
        <line num="120" count="15" type="stmt"/>
        <line num="121" count="15" type="cond" truecount="2" falsecount="0"/>
        <line num="124" count="67" type="stmt"/>
        <line num="125" count="10" type="stmt"/>
        <line num="126" count="10" type="cond" truecount="1" falsecount="1"/>
        <line num="129" count="67" type="stmt"/>
        <line num="133" count="72" type="cond" truecount="1" falsecount="1"/>
        <line num="135" count="72" type="cond" truecount="12" falsecount="0"/>
        <line num="143" count="40" type="stmt"/>
        <line num="157" count="13" type="stmt"/>
        <line num="164" count="7" type="stmt"/>
        <line num="171" count="0" type="stmt"/>
        <line num="176" count="2" type="stmt"/>
        <line num="186" count="2" type="stmt"/>
        <line num="194" count="0" type="stmt"/>
        <line num="198" count="4" type="stmt"/>
        <line num="200" count="4" type="stmt"/>
        <line num="201" count="4" type="cond" truecount="1" falsecount="1"/>
        <line num="207" count="4" type="stmt"/>
        <line num="217" count="12" type="stmt"/>
        <line num="224" count="1" type="stmt"/>
        <line num="234" count="6" type="stmt"/>
        <line num="238" count="1" type="stmt"/>
        <line num="244" count="5" type="stmt"/>
        <line num="261" count="0" type="stmt"/>
      </file>
      <file name="PopUpForm.tsx" path="C:\development\fog-ui\src\components\forms\PopUpForm.tsx">
        <metrics statements="12" coveredstatements="11" conditionals="5" coveredconditionals="5" methods="4" coveredmethods="4"/>
        <line num="14" count="2" type="cond" truecount="3" falsecount="0"/>
        <line num="15" count="7" type="stmt"/>
        <line num="16" count="7" type="stmt"/>
        <line num="17" count="7" type="stmt"/>
        <line num="19" count="7" type="stmt"/>
        <line num="20" count="2" type="stmt"/>
        <line num="21" count="2" type="stmt"/>
        <line num="23" count="2" type="cond" truecount="2" falsecount="0"/>
        <line num="24" count="1" type="stmt"/>
        <line num="26" count="1" type="stmt"/>
        <line num="29" count="0" type="stmt"/>
        <line num="33" count="7" type="stmt"/>
      </file>
      <file name="SearchForm.tsx" path="C:\development\fog-ui\src\components\forms\SearchForm.tsx">
        <metrics statements="2" coveredstatements="2" conditionals="0" coveredconditionals="0" methods="1" coveredmethods="1"/>
        <line num="13" count="2" type="stmt"/>
        <line num="14" count="1" type="stmt"/>
      </file>
      <file name="validation.ts" path="C:\development\fog-ui\src\components\forms\validation.ts">
        <metrics statements="16" coveredstatements="16" conditionals="24" coveredconditionals="21" methods="5" coveredmethods="5"/>
        <line num="3" count="14" type="stmt"/>
        <line num="5" count="3" type="cond" truecount="6" falsecount="0"/>
        <line num="6" count="2" type="stmt"/>
        <line num="7" count="1" type="stmt"/>
        <line num="11" count="3" type="cond" truecount="2" falsecount="0"/>
        <line num="12" count="2" type="stmt"/>
        <line num="13" count="2" type="cond" truecount="2" falsecount="0"/>
        <line num="17" count="4" type="cond" truecount="2" falsecount="0"/>
        <line num="18" count="3" type="cond" truecount="1" falsecount="1"/>
        <line num="22" count="1" type="cond" truecount="1" falsecount="1"/>
        <line num="23" count="1" type="cond" truecount="1" falsecount="1"/>
        <line num="27" count="4" type="stmt"/>
        <line num="28" count="4" type="cond" truecount="2" falsecount="0"/>
        <line num="29" count="3" type="cond" truecount="2" falsecount="0"/>
        <line num="30" count="2" type="cond" truecount="2" falsecount="0"/>
        <line num="31" count="1" type="stmt"/>
      </file>
    </package>
    <package name="src.components.lists">
      <metrics statements="13" coveredstatements="13" conditionals="12" coveredconditionals="10" methods="8" coveredmethods="8"/>
      <file name="AccordionList.tsx" path="C:\development\fog-ui\src\components\lists\AccordionList.tsx">
        <metrics statements="3" coveredstatements="3" conditionals="2" coveredconditionals="2" methods="2" coveredmethods="2"/>
        <line num="16" count="2" type="stmt"/>
        <line num="17" count="2" type="stmt"/>
        <line num="19" count="3" type="stmt"/>
      </file>
      <file name="CircularProgressList.tsx" path="C:\development\fog-ui\src\components\lists\CircularProgressList.tsx">
        <metrics statements="3" coveredstatements="3" conditionals="2" coveredconditionals="2" methods="2" coveredmethods="2"/>
        <line num="14" count="2" type="stmt"/>
        <line num="15" count="2" type="stmt"/>
        <line num="18" count="3" type="stmt"/>
      </file>
      <file name="List.tsx" path="C:\development\fog-ui\src\components\lists\List.tsx">
        <metrics statements="7" coveredstatements="7" conditionals="8" coveredconditionals="6" methods="4" coveredmethods="4"/>
        <line num="19" count="3" type="stmt"/>
        <line num="20" count="4" type="stmt"/>
        <line num="22" count="4" type="stmt"/>
        <line num="23" count="1" type="cond" truecount="1" falsecount="1"/>
        <line num="24" count="1" type="stmt"/>
        <line num="28" count="4" type="stmt"/>
        <line num="31" count="5" type="stmt"/>
      </file>
    </package>
    <package name="src.components.popup">
      <metrics statements="3" coveredstatements="3" conditionals="0" coveredconditionals="0" methods="2" coveredmethods="2"/>
      <file name="popup.tsx" path="C:\development\fog-ui\src\components\popup\popup.tsx">
        <metrics statements="3" coveredstatements="3" conditionals="0" coveredconditionals="0" methods="2" coveredmethods="2"/>
        <line num="21" count="3" type="stmt"/>
        <line num="22" count="10" type="stmt"/>
        <line num="33" count="1" type="stmt"/>
      </file>
    </package>
    <package name="src.components.table">
      <metrics statements="35" coveredstatements="35" conditionals="58" coveredconditionals="49" methods="16" coveredmethods="16"/>
      <file name="DataLoading.tsx" path="C:\development\fog-ui\src\components\table\DataLoading.tsx">
        <metrics statements="1" coveredstatements="1" conditionals="0" coveredconditionals="0" methods="1" coveredmethods="1"/>
        <line num="5" count="5" type="stmt"/>
      </file>
      <file name="DataRow.tsx" path="C:\development\fog-ui\src\components\table\DataRow.tsx">
        <metrics statements="3" coveredstatements="3" conditionals="10" coveredconditionals="8" methods="3" coveredmethods="3"/>
        <line num="7" count="9" type="stmt"/>
        <line num="8" count="5" type="stmt"/>
        <line num="15" count="9" type="cond" truecount="3" falsecount="1"/>
      </file>
      <file name="DataTable.tsx" path="C:\development\fog-ui\src\components\table\DataTable.tsx">
        <metrics statements="19" coveredstatements="19" conditionals="28" coveredconditionals="24" methods="6" coveredmethods="6"/>
        <line num="32" count="11" type="stmt"/>
        <line num="33" count="11" type="stmt"/>
        <line num="35" count="11" type="stmt"/>
        <line num="36" count="4" type="cond" truecount="2" falsecount="0"/>
        <line num="39" count="11" type="stmt"/>
        <line num="40" count="9" type="cond" truecount="4" falsecount="0"/>
        <line num="41" count="3" type="cond" truecount="2" falsecount="0"/>
        <line num="43" count="2" type="stmt"/>
        <line num="44" count="2" type="cond" truecount="1" falsecount="1"/>
        <line num="45" count="2" type="stmt"/>
        <line num="46" count="2" type="stmt"/>
        <line num="51" count="11" type="cond" truecount="2" falsecount="0"/>
        <line num="52" count="1" type="stmt"/>
        <line num="53" count="8" type="cond" truecount="2" falsecount="0"/>
        <line num="54" count="1" type="stmt"/>
        <line num="57" count="7" type="stmt"/>
        <line num="73" count="7" type="cond" truecount="1" falsecount="1"/>
        <line num="74" count="7" type="stmt"/>
        <line num="76" count="7" type="stmt"/>
      </file>
      <file name="NestedTable.tsx" path="C:\development\fog-ui\src\components\table\NestedTable.tsx">
        <metrics statements="9" coveredstatements="9" conditionals="11" coveredconditionals="9" methods="3" coveredmethods="3"/>
        <line num="18" count="9" type="cond" truecount="2" falsecount="0"/>
        <line num="19" count="7" type="stmt"/>
        <line num="21" count="7" type="cond" truecount="2" falsecount="0"/>
        <line num="22" count="1" type="stmt"/>
        <line num="23" count="6" type="cond" truecount="2" falsecount="0"/>
        <line num="24" count="1" type="stmt"/>
        <line num="27" count="5" type="stmt"/>
        <line num="36" count="5" type="cond" truecount="1" falsecount="1"/>
        <line num="38" count="5" type="stmt"/>
      </file>
      <file name="NoDataTableRow.tsx" path="C:\development\fog-ui\src\components\table\NoDataTableRow.tsx">
        <metrics statements="1" coveredstatements="1" conditionals="1" coveredconditionals="1" methods="1" coveredmethods="1"/>
        <line num="6" count="3" type="stmt"/>
      </file>
      <file name="TableHeader.tsx" path="C:\development\fog-ui\src\components\table\TableHeader.tsx">
        <metrics statements="2" coveredstatements="2" conditionals="8" coveredconditionals="7" methods="2" coveredmethods="2"/>
        <line num="9" count="12" type="stmt"/>
        <line num="14" count="12" type="cond" truecount="2" falsecount="0"/>
      </file>
    </package>
    <package name="src.components.tabs">
      <metrics statements="7" coveredstatements="7" conditionals="2" coveredconditionals="2" methods="4" coveredmethods="4"/>
      <file name="Tabs.tsx" path="C:\development\fog-ui\src\components\tabs\Tabs.tsx">
        <metrics statements="7" coveredstatements="7" conditionals="2" coveredconditionals="2" methods="4" coveredmethods="4"/>
        <line num="5" count="2" type="stmt"/>
        <line num="6" count="4" type="stmt"/>
        <line num="8" count="4" type="stmt"/>
        <line num="9" count="1" type="stmt"/>
        <line num="12" count="4" type="stmt"/>
        <line num="15" count="6" type="stmt"/>
        <line num="20" count="6" type="stmt"/>
      </file>
    </package>
    <package name="src.components.template">
      <metrics statements="33" coveredstatements="32" conditionals="6" coveredconditionals="5" methods="13" coveredmethods="12"/>
      <file name="PageWrapper.tsx" path="C:\development\fog-ui\src\components\template\PageWrapper.tsx">
        <metrics statements="24" coveredstatements="23" conditionals="6" coveredconditionals="5" methods="10" coveredmethods="9"/>
        <line num="16" count="4" type="stmt"/>
        <line num="17" count="6" type="stmt"/>
        <line num="18" count="6" type="stmt"/>
        <line num="19" count="6" type="stmt"/>
        <line num="20" count="6" type="stmt"/>
        <line num="22" count="6" type="stmt"/>
        <line num="23" count="3" type="cond" truecount="2" falsecount="0"/>
        <line num="27" count="6" type="stmt"/>
        <line num="29" count="6" type="stmt"/>
        <line num="30" count="1" type="stmt"/>
        <line num="31" count="1" type="stmt"/>
        <line num="32" count="1" type="stmt"/>
        <line num="35" count="6" type="stmt"/>
        <line num="36" count="3" type="stmt"/>
        <line num="37" count="1" type="cond" truecount="3" falsecount="1"/>
        <line num="38" count="1" type="stmt"/>
        <line num="42" count="3" type="stmt"/>
        <line num="43" count="3" type="stmt"/>
        <line num="46" count="6" type="stmt"/>
        <line num="52" count="0" type="stmt"/>
        <line num="56" count="6" type="stmt"/>
        <line num="67" count="4" type="stmt"/>
        <line num="70" count="4" type="stmt"/>
        <line num="71" count="1" type="stmt"/>
      </file>
      <file name="Topbar.tsx" path="C:\development\fog-ui\src\components\template\Topbar.tsx">
        <metrics statements="9" coveredstatements="9" conditionals="0" coveredconditionals="0" methods="3" coveredmethods="3"/>
        <line num="6" count="6" type="stmt"/>
        <line num="7" count="8" type="stmt"/>
        <line num="9" count="8" type="stmt"/>
        <line num="10" count="1" type="stmt"/>
        <line num="13" count="8" type="stmt"/>
        <line num="14" count="1" type="stmt"/>
        <line num="15" count="1" type="stmt"/>
        <line num="16" count="1" type="stmt"/>
        <line num="19" count="8" type="stmt"/>
      </file>
    </package>
    <package name="src.context">
      <metrics statements="15" coveredstatements="15" conditionals="6" coveredconditionals="5" methods="9" coveredmethods="9"/>
      <file name="ThemeContext.tsx" path="C:\development\fog-ui\src\context\ThemeContext.tsx">
        <metrics statements="15" coveredstatements="15" conditionals="6" coveredconditionals="5" methods="9" coveredmethods="9"/>
        <line num="12" count="37" type="stmt"/>
        <line num="19" count="37" type="stmt"/>
        <line num="20" count="100" type="stmt"/>
        <line num="21" count="100" type="cond" truecount="2" falsecount="0"/>
        <line num="23" count="100" type="cond" truecount="2" falsecount="0"/>
        <line num="24" count="100" type="stmt"/>
        <line num="26" count="100" type="stmt"/>
        <line num="28" count="100" type="stmt"/>
        <line num="30" count="100" type="stmt"/>
        <line num="31" count="73" type="stmt"/>
        <line num="43" count="100" type="stmt"/>
        <line num="44" count="2" type="cond" truecount="1" falsecount="1"/>
        <line num="47" count="100" type="stmt"/>
        <line num="48" count="2" type="stmt"/>
        <line num="51" count="100" type="stmt"/>
      </file>
    </package>
    <package name="src.hooks">
      <metrics statements="1" coveredstatements="1" conditionals="0" coveredconditionals="0" methods="1" coveredmethods="1"/>
      <file name="useResolvedMenu.ts" path="C:\development\fog-ui\src\hooks\useResolvedMenu.ts">
        <metrics statements="1" coveredstatements="1" conditionals="0" coveredconditionals="0" methods="1" coveredmethods="1"/>
        <line num="6" count="6" type="stmt"/>
      </file>
    </package>
    <package name="src.style.muiComponentStyles">
      <metrics statements="3" coveredstatements="3" conditionals="0" coveredconditionals="0" methods="3" coveredmethods="3"/>
      <file name="containerStyles.ts" path="C:\development\fog-ui\src\style\muiComponentStyles\containerStyles.ts">
        <metrics statements="2" coveredstatements="2" conditionals="0" coveredconditionals="0" methods="2" coveredmethods="2"/>
        <line num="3" count="5" type="stmt"/>
        <line num="11" count="5" type="stmt"/>
      </file>
      <file name="sharedComponentStyles.ts" path="C:\development\fog-ui\src\style\muiComponentStyles\sharedComponentStyles.ts">
        <metrics statements="1" coveredstatements="1" conditionals="0" coveredconditionals="0" methods="1" coveredmethods="1"/>
        <line num="3" count="3" type="stmt"/>
      </file>
    </package>
    <package name="src.test">
      <metrics statements="3" coveredstatements="3" conditionals="0" coveredconditionals="0" methods="2" coveredmethods="2"/>
      <file name="providers.tsx" path="C:\development\fog-ui\src\test\providers.tsx">
        <metrics statements="2" coveredstatements="2" conditionals="0" coveredconditionals="0" methods="1" coveredmethods="1"/>
        <line num="5" count="37" type="stmt"/>
        <line num="6" count="96" type="stmt"/>
      </file>
      <file name="utils.tsx" path="C:\development\fog-ui\src\test\utils.tsx">
        <metrics statements="1" coveredstatements="1" conditionals="0" coveredconditionals="0" methods="1" coveredmethods="1"/>
        <line num="5" count="69" type="stmt"/>
      </file>
    </package>
    <package name="src.theme">
      <metrics statements="2" coveredstatements="2" conditionals="2" coveredconditionals="2" methods="1" coveredmethods="1"/>
      <file name="index.ts" path="C:\development\fog-ui\src\theme\index.ts">
        <metrics statements="0" coveredstatements="0" conditionals="0" coveredconditionals="0" methods="0" coveredmethods="0"/>
      </file>
      <file name="theme.ts" path="C:\development\fog-ui\src\theme\theme.ts">
        <metrics statements="2" coveredstatements="2" conditionals="2" coveredconditionals="2" methods="1" coveredmethods="1"/>
        <line num="4" count="3" type="stmt"/>
        <line num="15" count="3" type="cond" truecount="2" falsecount="0"/>
      </file>
    </package>
  </project>
</coverage>
