{"C:\\development\\fog-ui\\src\\components\\cards\\CardListContainer.tsx": {"path":"C:\\development\\fog-ui\\src\\components\\cards\\CardListContainer.tsx","statementMap":{"0":{"start":{"line":18,"column":67},"end":{"line":33,"column":null}},"1":{"start":{"line":19,"column":4},"end":{"line":31,"column":null}},"2":{"start":{"line":22,"column":16},"end":{"line":29,"column":null}}},"fnMap":{"0":{"name":"(anonymous_0)","decl":{"start":{"line":18,"column":67},"end":{"line":18,"column":68}},"loc":{"start":{"line":18,"column":82},"end":{"line":33,"column":null}},"line":18},"1":{"name":"(anonymous_1)","decl":{"start":{"line":21,"column":23},"end":{"line":21,"column":24}},"loc":{"start":{"line":22,"column":16},"end":{"line":29,"column":null}},"line":22}},"branchMap":{"0":{"loc":{"start":{"line":24,"column":31},"end":{"line":24,"column":null}},"type":"cond-expr","locations":[{"start":{"line":24,"column":44},"end":{"line":24,"column":57}},{"start":{"line":24,"column":57},"end":{"line":24,"column":null}}],"line":24},"1":{"loc":{"start":{"line":26,"column":35},"end":{"line":26,"column":null}},"type":"cond-expr","locations":[{"start":{"line":26,"column":52},"end":{"line":26,"column":69}},{"start":{"line":26,"column":69},"end":{"line":26,"column":null}}],"line":26}},"s":{"0":1,"1":1,"2":1},"f":{"0":1,"1":1},"b":{"0":[0,1],"1":[0,1]},"meta":{"lastBranch":2,"lastFunction":2,"lastStatement":3,"seen":{"s:18:67:33:Infinity":0,"f:18:67:18:68":0,"s:19:4:31:Infinity":1,"f:21:23:21:24":1,"s:22:16:29:Infinity":2,"b:24:44:24:57:24:57:24:Infinity":0,"b:26:52:26:69:26:69:26:Infinity":1}}}
,"C:\\development\\fog-ui\\src\\components\\cards\\CardView.tsx": {"path":"C:\\development\\fog-ui\\src\\components\\cards\\CardView.tsx","statementMap":{"0":{"start":{"line":12,"column":49},"end":{"line":32,"column":null}},"1":{"start":{"line":13,"column":4},"end":{"line":30,"column":null}}},"fnMap":{"0":{"name":"(anonymous_0)","decl":{"start":{"line":12,"column":49},"end":{"line":12,"column":50}},"loc":{"start":{"line":12,"column":101},"end":{"line":32,"column":null}},"line":12}},"branchMap":{"0":{"loc":{"start":{"line":15,"column":13},"end":{"line":17,"column":null}},"type":"cond-expr","locations":[{"start":{"line":16,"column":16},"end":{"line":16,"column":null}},{"start":{"line":17,"column":18},"end":{"line":17,"column":null}}],"line":15},"1":{"loc":{"start":{"line":19,"column":13},"end":{"line":21,"column":null}},"type":"cond-expr","locations":[{"start":{"line":20,"column":16},"end":{"line":20,"column":null}},{"start":{"line":21,"column":18},"end":{"line":21,"column":null}}],"line":19},"2":{"loc":{"start":{"line":23,"column":13},"end":{"line":25,"column":null}},"type":"cond-expr","locations":[{"start":{"line":24,"column":16},"end":{"line":24,"column":null}},{"start":{"line":25,"column":18},"end":{"line":25,"column":null}}],"line":23}},"s":{"0":2,"1":2},"f":{"0":2},"b":{"0":[1,1],"1":[2,0],"2":[0,2]},"meta":{"lastBranch":3,"lastFunction":1,"lastStatement":2,"seen":{"s:12:49:32:Infinity":0,"f:12:49:12:50":0,"s:13:4:30:Infinity":1,"b:16:16:16:Infinity:17:18:17:Infinity":0,"b:20:16:20:Infinity:21:18:21:Infinity":1,"b:24:16:24:Infinity:25:18:25:Infinity":2}}}
,"C:\\development\\fog-ui\\src\\components\\cards\\PermissionCard.tsx": {"path":"C:\\development\\fog-ui\\src\\components\\cards\\PermissionCard.tsx","statementMap":{"0":{"start":{"line":18,"column":61},"end":{"line":34,"column":null}},"1":{"start":{"line":19,"column":27},"end":{"line":19,"column":null}},"2":{"start":{"line":19,"column":59},"end":{"line":19,"column":91}},"3":{"start":{"line":21,"column":36},"end":{"line":26,"column":null}},"4":{"start":{"line":21,"column":66},"end":{"line":26,"column":4}},"5":{"start":{"line":28,"column":2},"end":{"line":32,"column":null}}},"fnMap":{"0":{"name":"(anonymous_0)","decl":{"start":{"line":18,"column":61},"end":{"line":18,"column":62}},"loc":{"start":{"line":18,"column":75},"end":{"line":34,"column":null}},"line":18},"1":{"name":"(anonymous_1)","decl":{"start":{"line":19,"column":27},"end":{"line":19,"column":34}},"loc":{"start":{"line":19,"column":57},"end":{"line":19,"column":null}},"line":19},"2":{"name":"(anonymous_2)","decl":{"start":{"line":21,"column":53},"end":{"line":21,"column":54}},"loc":{"start":{"line":21,"column":66},"end":{"line":26,"column":4}},"line":21}},"branchMap":{},"s":{"0":1,"1":3,"2":0,"3":3,"4":3,"5":3},"f":{"0":3,"1":0,"2":3},"b":{},"meta":{"lastBranch":0,"lastFunction":3,"lastStatement":6,"seen":{"s:18:61:34:Infinity":0,"f:18:61:18:62":0,"s:19:27:19:Infinity":1,"f:19:27:19:34":1,"s:19:59:19:91":2,"s:21:36:26:Infinity":3,"f:21:53:21:54":2,"s:21:66:26:4":4,"s:28:2:32:Infinity":5}}}
,"C:\\development\\fog-ui\\src\\components\\cards\\UserGroupCard.tsx": {"path":"C:\\development\\fog-ui\\src\\components\\cards\\UserGroupCard.tsx","statementMap":{"0":{"start":{"line":19,"column":59},"end":{"line":47,"column":null}},"1":{"start":{"line":20,"column":2},"end":{"line":20,"column":null}},"2":{"start":{"line":22,"column":4},"end":{"line":24,"column":null}},"3":{"start":{"line":28,"column":4},"end":{"line":30,"column":null}},"4":{"start":{"line":34,"column":2},"end":{"line":45,"column":null}},"5":{"start":{"line":42,"column":47},"end":{"line":42,"column":65}}},"fnMap":{"0":{"name":"(anonymous_0)","decl":{"start":{"line":19,"column":59},"end":{"line":19,"column":60}},"loc":{"start":{"line":19,"column":134},"end":{"line":47,"column":null}},"line":19},"1":{"name":"(anonymous_1)","decl":{"start":{"line":22,"column":39},"end":{"line":22,"column":45}},"loc":{"start":{"line":22,"column":45},"end":{"line":22,"column":null}},"line":22},"2":{"name":"(anonymous_2)","decl":{"start":{"line":28,"column":41},"end":{"line":28,"column":47}},"loc":{"start":{"line":28,"column":47},"end":{"line":28,"column":null}},"line":28},"3":{"name":"(anonymous_3)","decl":{"start":{"line":42,"column":30},"end":{"line":42,"column":31}},"loc":{"start":{"line":42,"column":47},"end":{"line":42,"column":65}},"line":42}},"branchMap":{"0":{"loc":{"start":{"line":36,"column":133},"end":{"line":36,"column":155}},"type":"binary-expr","locations":[{"start":{"line":36,"column":133},"end":{"line":36,"column":148}},{"start":{"line":36,"column":148},"end":{"line":36,"column":155}}],"line":36},"1":{"loc":{"start":{"line":36,"column":157},"end":{"line":36,"column":null}},"type":"binary-expr","locations":[{"start":{"line":36,"column":157},"end":{"line":36,"column":172}},{"start":{"line":36,"column":172},"end":{"line":36,"column":null}}],"line":36},"2":{"loc":{"start":{"line":41,"column":9},"end":{"line":43,"column":null}},"type":"cond-expr","locations":[{"start":{"line":42,"column":10},"end":{"line":42,"column":null}},{"start":{"line":43,"column":13},"end":{"line":43,"column":null}}],"line":41}},"s":{"0":2,"1":3,"2":3,"3":3,"4":3,"5":0},"f":{"0":3,"1":0,"2":0,"3":0},"b":{"0":[3,1],"1":[3,1],"2":[0,2]},"meta":{"lastBranch":3,"lastFunction":4,"lastStatement":6,"seen":{"s:19:59:47:Infinity":0,"f:19:59:19:60":0,"s:20:2:20:Infinity":1,"s:22:4:24:Infinity":2,"f:22:39:22:45":1,"s:28:4:30:Infinity":3,"f:28:41:28:47":2,"s:34:2:45:Infinity":4,"b:36:133:36:148:36:148:36:155":0,"b:36:157:36:172:36:172:36:Infinity":1,"b:42:10:42:Infinity:43:13:43:Infinity":2,"f:42:30:42:31":3,"s:42:47:42:65":5}}}
,"C:\\development\\fog-ui\\src\\components\\cards\\metricCard\\MetricCardGrid.tsx": {"path":"C:\\development\\fog-ui\\src\\components\\cards\\metricCard\\MetricCardGrid.tsx","statementMap":{"0":{"start":{"line":7,"column":61},"end":{"line":47,"column":null}},"1":{"start":{"line":8,"column":8},"end":{"line":8,"column":null}},"2":{"start":{"line":9,"column":8},"end":{"line":9,"column":null}},"3":{"start":{"line":11,"column":2},"end":{"line":45,"column":null}},"4":{"start":{"line":14,"column":26},"end":{"line":14,"column":null}},"5":{"start":{"line":15,"column":30},"end":{"line":15,"column":null}},"6":{"start":{"line":17,"column":27},"end":{"line":17,"column":null}},"7":{"start":{"line":19,"column":8},"end":{"line":42,"column":null}}},"fnMap":{"0":{"name":"(anonymous_0)","decl":{"start":{"line":7,"column":61},"end":{"line":7,"column":62}},"loc":{"start":{"line":7,"column":75},"end":{"line":47,"column":null}},"line":7},"1":{"name":"(anonymous_1)","decl":{"start":{"line":13,"column":16},"end":{"line":13,"column":17}},"loc":{"start":{"line":13,"column":33},"end":{"line":44,"column":7}},"line":13}},"branchMap":{"0":{"loc":{"start":{"line":14,"column":26},"end":{"line":14,"column":null}},"type":"cond-expr","locations":[{"start":{"line":14,"column":39},"end":{"line":14,"column":82}},{"start":{"line":14,"column":82},"end":{"line":14,"column":null}}],"line":14},"1":{"loc":{"start":{"line":15,"column":30},"end":{"line":15,"column":null}},"type":"cond-expr","locations":[{"start":{"line":15,"column":51},"end":{"line":15,"column":67}},{"start":{"line":15,"column":67},"end":{"line":15,"column":null}}],"line":15},"2":{"loc":{"start":{"line":17,"column":27},"end":{"line":17,"column":null}},"type":"cond-expr","locations":[{"start":{"line":17,"column":87},"end":{"line":17,"column":97}},{"start":{"line":17,"column":97},"end":{"line":17,"column":null}}],"line":17},"3":{"loc":{"start":{"line":17,"column":27},"end":{"line":17,"column":87}},"type":"binary-expr","locations":[{"start":{"line":17,"column":27},"end":{"line":17,"column":44}},{"start":{"line":17,"column":44},"end":{"line":17,"column":87}}],"line":17},"4":{"loc":{"start":{"line":17,"column":97},"end":{"line":17,"column":null}},"type":"cond-expr","locations":[{"start":{"line":17,"column":158},"end":{"line":17,"column":168}},{"start":{"line":17,"column":168},"end":{"line":17,"column":null}}],"line":17},"5":{"loc":{"start":{"line":17,"column":97},"end":{"line":17,"column":158}},"type":"binary-expr","locations":[{"start":{"line":17,"column":97},"end":{"line":17,"column":115}},{"start":{"line":17,"column":115},"end":{"line":17,"column":158}}],"line":17},"6":{"loc":{"start":{"line":28,"column":17},"end":{"line":28,"column":null}},"type":"binary-expr","locations":[{"start":{"line":28,"column":17},"end":{"line":28,"column":38}},{"start":{"line":28,"column":38},"end":{"line":28,"column":null}}],"line":28},"7":{"loc":{"start":{"line":31,"column":15},"end":{"line":37,"column":null}},"type":"binary-expr","locations":[{"start":{"line":31,"column":15},"end":{"line":31,"column":null}},{"start":{"line":32,"column":16},"end":{"line":37,"column":null}}],"line":31},"8":{"loc":{"start":{"line":33,"column":19},"end":{"line":33,"column":null}},"type":"cond-expr","locations":[{"start":{"line":33,"column":36},"end":{"line":33,"column":86}},{"start":{"line":33,"column":86},"end":{"line":33,"column":null}}],"line":33},"9":{"loc":{"start":{"line":35,"column":21},"end":{"line":35,"column":null}},"type":"cond-expr","locations":[{"start":{"line":35,"column":37},"end":{"line":35,"column":82}},{"start":{"line":35,"column":82},"end":{"line":35,"column":null}}],"line":35},"10":{"loc":{"start":{"line":35,"column":50},"end":{"line":35,"column":64}},"type":"binary-expr","locations":[{"start":{"line":35,"column":50},"end":{"line":35,"column":63}},{"start":{"line":35,"column":63},"end":{"line":35,"column":64}}],"line":35},"11":{"loc":{"start":{"line":35,"column":95},"end":{"line":35,"column":109}},"type":"binary-expr","locations":[{"start":{"line":35,"column":95},"end":{"line":35,"column":108}},{"start":{"line":35,"column":108},"end":{"line":35,"column":109}}],"line":35}},"s":{"0":1,"1":1,"2":1,"3":1,"4":1,"5":1,"6":1,"7":1},"f":{"0":1,"1":1},"b":{"0":[0,1],"1":[0,1],"2":[0,1],"3":[1,0],"4":[0,1],"5":[1,1],"6":[1,0],"7":[1,0],"8":[0,0],"9":[0,0],"10":[0,0],"11":[0,0]},"meta":{"lastBranch":12,"lastFunction":2,"lastStatement":8,"seen":{"s:7:61:47:Infinity":0,"f:7:61:7:62":0,"s:8:8:8:Infinity":1,"s:9:8:9:Infinity":2,"s:11:2:45:Infinity":3,"f:13:16:13:17":1,"s:14:26:14:Infinity":4,"b:14:39:14:82:14:82:14:Infinity":0,"s:15:30:15:Infinity":5,"b:15:51:15:67:15:67:15:Infinity":1,"s:17:27:17:Infinity":6,"b:17:87:17:97:17:97:17:Infinity":2,"b:17:27:17:44:17:44:17:87":3,"b:17:158:17:168:17:168:17:Infinity":4,"b:17:97:17:115:17:115:17:158":5,"s:19:8:42:Infinity":7,"b:28:17:28:38:28:38:28:Infinity":6,"b:31:15:31:Infinity:32:16:37:Infinity":7,"b:33:36:33:86:33:86:33:Infinity":8,"b:35:37:35:82:35:82:35:Infinity":9,"b:35:50:35:63:35:63:35:64":10,"b:35:95:35:108:35:108:35:109":11}}}
,"C:\\development\\fog-ui\\src\\components\\cards\\metricCard\\MetricCardType.ts": {"path":"C:\\development\\fog-ui\\src\\components\\cards\\metricCard\\MetricCardType.ts","statementMap":{"0":{"start":{"line":26,"column":48},"end":{"line":33,"column":null}}},"fnMap":{},"branchMap":{},"s":{"0":1},"f":{},"b":{},"meta":{"lastBranch":0,"lastFunction":0,"lastStatement":1,"seen":{"s:26:48:33:Infinity":0}}}
,"C:\\development\\fog-ui\\src\\components\\charts\\TrendAnalyticsChart\\TrendAnalyticsChart.tsx": {"path":"C:\\development\\fog-ui\\src\\components\\charts\\TrendAnalyticsChart\\TrendAnalyticsChart.tsx","statementMap":{"0":{"start":{"line":6,"column":71},"end":{"line":41,"column":null}},"1":{"start":{"line":7,"column":53},"end":{"line":7,"column":null}},"2":{"start":{"line":9,"column":2},"end":{"line":39,"column":null}},"3":{"start":{"line":21,"column":12},"end":{"line":21,"column":null}},"4":{"start":{"line":31,"column":14},"end":{"line":34,"column":null}}},"fnMap":{"0":{"name":"(anonymous_0)","decl":{"start":{"line":6,"column":71},"end":{"line":6,"column":72}},"loc":{"start":{"line":6,"column":90},"end":{"line":41,"column":null}},"line":6},"1":{"name":"(anonymous_1)","decl":{"start":{"line":20,"column":22},"end":{"line":20,"column":23}},"loc":{"start":{"line":21,"column":12},"end":{"line":21,"column":null}},"line":21},"2":{"name":"(anonymous_2)","decl":{"start":{"line":30,"column":25},"end":{"line":30,"column":26}},"loc":{"start":{"line":31,"column":14},"end":{"line":34,"column":null}},"line":31}},"branchMap":{"0":{"loc":{"start":{"line":26,"column":7},"end":{"line":37,"column":null}},"type":"binary-expr","locations":[{"start":{"line":26,"column":7},"end":{"line":26,"column":18}},{"start":{"line":26,"column":18},"end":{"line":26,"column":null}},{"start":{"line":27,"column":8},"end":{"line":37,"column":null}}],"line":26}},"s":{"0":1,"1":2,"2":2,"3":1,"4":1},"f":{"0":2,"1":1,"2":1},"b":{"0":[2,2,1]},"meta":{"lastBranch":1,"lastFunction":3,"lastStatement":5,"seen":{"s:6:71:41:Infinity":0,"f:6:71:6:72":0,"s:7:53:7:Infinity":1,"s:9:2:39:Infinity":2,"f:20:22:20:23":1,"s:21:12:21:Infinity":3,"b:26:7:26:18:26:18:26:Infinity:27:8:37:Infinity":0,"f:30:25:30:26":2,"s:31:14:34:Infinity":4}}}
,"C:\\development\\fog-ui\\src\\components\\charts\\pieChart\\GenericPieChart.tsx": {"path":"C:\\development\\fog-ui\\src\\components\\charts\\pieChart\\GenericPieChart.tsx","statementMap":{"0":{"start":{"line":8,"column":61},"end":{"line":44,"column":null}},"1":{"start":{"line":9,"column":2},"end":{"line":42,"column":null}},"2":{"start":{"line":17,"column":16},"end":{"line":17,"column":null}},"3":{"start":{"line":27,"column":10},"end":{"line":33,"column":null}}},"fnMap":{"0":{"name":"(anonymous_0)","decl":{"start":{"line":8,"column":61},"end":{"line":8,"column":62}},"loc":{"start":{"line":8,"column":107},"end":{"line":44,"column":null}},"line":8},"1":{"name":"(anonymous_1)","decl":{"start":{"line":16,"column":24},"end":{"line":16,"column":25}},"loc":{"start":{"line":17,"column":16},"end":{"line":17,"column":null}},"line":17},"2":{"name":"(anonymous_2)","decl":{"start":{"line":26,"column":18},"end":{"line":26,"column":19}},"loc":{"start":{"line":27,"column":10},"end":{"line":33,"column":null}},"line":27}},"branchMap":{"0":{"loc":{"start":{"line":39,"column":9},"end":{"line":39,"column":null}},"type":"cond-expr","locations":[{"start":{"line":39,"column":21},"end":{"line":39,"column":114}},{"start":{"line":39,"column":114},"end":{"line":39,"column":null}}],"line":39},"1":{"loc":{"start":{"line":40,"column":9},"end":{"line":40,"column":null}},"type":"cond-expr","locations":[{"start":{"line":40,"column":23},"end":{"line":40,"column":119}},{"start":{"line":40,"column":119},"end":{"line":40,"column":null}}],"line":40}},"s":{"0":2,"1":3,"2":2,"3":2},"f":{"0":3,"1":2,"2":2},"b":{"0":[1,1],"1":[1,1]},"meta":{"lastBranch":2,"lastFunction":3,"lastStatement":4,"seen":{"s:8:61:44:Infinity":0,"f:8:61:8:62":0,"s:9:2:42:Infinity":1,"f:16:24:16:25":1,"s:17:16:17:Infinity":2,"f:26:18:26:19":2,"s:27:10:33:Infinity":3,"b:39:21:39:114:39:114:39:Infinity":0,"b:40:23:40:119:40:119:40:Infinity":1}}}
,"C:\\development\\fog-ui\\src\\components\\forms\\Form.tsx": {"path":"C:\\development\\fog-ui\\src\\components\\forms\\Form.tsx","statementMap":{"0":{"start":{"line":10,"column":48},"end":{"line":268,"column":null}},"1":{"start":{"line":19,"column":8},"end":{"line":19,"column":null}},"2":{"start":{"line":19,"column":46},"end":{"line":19,"column":61}},"3":{"start":{"line":20,"column":26},"end":{"line":20,"column":null}},"4":{"start":{"line":21,"column":30},"end":{"line":29,"column":null}},"5":{"start":{"line":22,"column":4},"end":{"line":28,"column":null}},"6":{"start":{"line":23,"column":6},"end":{"line":26,"column":null}},"7":{"start":{"line":27,"column":6},"end":{"line":27,"column":null}},"8":{"start":{"line":31,"column":2},"end":{"line":43,"column":null}},"9":{"start":{"line":32,"column":24},"end":{"line":38,"column":null}},"10":{"start":{"line":33,"column":6},"end":{"line":36,"column":null}},"11":{"start":{"line":37,"column":6},"end":{"line":37,"column":null}},"12":{"start":{"line":40,"column":4},"end":{"line":42,"column":null}},"13":{"start":{"line":41,"column":6},"end":{"line":41,"column":null}},"14":{"start":{"line":46,"column":2},"end":{"line":94,"column":null}},"15":{"start":{"line":47,"column":31},"end":{"line":91,"column":null}},"16":{"start":{"line":48,"column":6},"end":{"line":90,"column":null}},"17":{"start":{"line":49,"column":8},"end":{"line":89,"column":null}},"18":{"start":{"line":50,"column":10},"end":{"line":78,"column":null}},"19":{"start":{"line":51,"column":29},"end":{"line":51,"column":null}},"20":{"start":{"line":52,"column":25},"end":{"line":52,"column":null}},"21":{"start":{"line":54,"column":28},"end":{"line":61,"column":null}},"22":{"start":{"line":54,"column":53},"end":{"line":61,"column":14}},"23":{"start":{"line":63,"column":12},"end":{"line":63,"column":null}},"24":{"start":{"line":66,"column":12},"end":{"line":75,"column":null}},"25":{"start":{"line":71,"column":14},"end":{"line":74,"column":null}},"26":{"start":{"line":71,"column":37},"end":{"line":74,"column":16}},"27":{"start":{"line":77,"column":12},"end":{"line":77,"column":null}},"28":{"start":{"line":79,"column":8},"end":{"line":89,"column":null}},"29":{"start":{"line":85,"column":10},"end":{"line":88,"column":null}},"30":{"start":{"line":85,"column":33},"end":{"line":88,"column":12}},"31":{"start":{"line":93,"column":4},"end":{"line":93,"column":null}},"32":{"start":{"line":96,"column":24},"end":{"line":115,"column":null}},"33":{"start":{"line":97,"column":18},"end":{"line":97,"column":null}},"34":{"start":{"line":97,"column":37},"end":{"line":97,"column":52}},"35":{"start":{"line":98,"column":4},"end":{"line":98,"column":null}},"36":{"start":{"line":98,"column":16},"end":{"line":98,"column":null}},"37":{"start":{"line":100,"column":18},"end":{"line":100,"column":null}},"38":{"start":{"line":101,"column":4},"end":{"line":108,"column":null}},"39":{"start":{"line":102,"column":34},"end":{"line":102,"column":null}},"40":{"start":{"line":103,"column":24},"end":{"line":103,"column":null}},"41":{"start":{"line":104,"column":6},"end":{"line":107,"column":null}},"42":{"start":{"line":105,"column":22},"end":{"line":105,"column":null}},"43":{"start":{"line":106,"column":8},"end":{"line":106,"column":null}},"44":{"start":{"line":106,"column":19},"end":{"line":106,"column":null}},"45":{"start":{"line":110,"column":4},"end":{"line":112,"column":null}},"46":{"start":{"line":111,"column":6},"end":{"line":111,"column":null}},"47":{"start":{"line":114,"column":4},"end":{"line":114,"column":null}},"48":{"start":{"line":117,"column":23},"end":{"line":122,"column":null}},"49":{"start":{"line":118,"column":4},"end":{"line":118,"column":null}},"50":{"start":{"line":118,"column":27},"end":{"line":118,"column":54}},"51":{"start":{"line":119,"column":18},"end":{"line":119,"column":null}},"52":{"start":{"line":120,"column":4},"end":{"line":120,"column":null}},"53":{"start":{"line":120,"column":25},"end":{"line":120,"column":52}},"54":{"start":{"line":121,"column":4},"end":{"line":121,"column":null}},"55":{"start":{"line":121,"column":24},"end":{"line":121,"column":null}},"56":{"start":{"line":124,"column":23},"end":{"line":127,"column":null}},"57":{"start":{"line":125,"column":4},"end":{"line":125,"column":null}},"58":{"start":{"line":126,"column":4},"end":{"line":126,"column":null}},"59":{"start":{"line":126,"column":18},"end":{"line":126,"column":null}},"60":{"start":{"line":129,"column":2},"end":{"line":266,"column":null}},"61":{"start":{"line":133,"column":27},"end":{"line":133,"column":null}},"62":{"start":{"line":135,"column":10},"end":{"line":245,"column":null}},"63":{"start":{"line":143,"column":14},"end":{"line":160,"column":null}},"64":{"start":{"line":157,"column":37},"end":{"line":157,"column":null}},"65":{"start":{"line":164,"column":14},"end":{"line":182,"column":null}},"66":{"start":{"line":171,"column":39},"end":{"line":171,"column":null}},"67":{"start":{"line":176,"column":24},"end":{"line":178,"column":null}},"68":{"start":{"line":186,"column":14},"end":{"line":213,"column":null}},"69":{"start":{"line":194,"column":39},"end":{"line":194,"column":null}},"70":{"start":{"line":198,"column":24},"end":{"line":203,"column":null}},"71":{"start":{"line":200,"column":40},"end":{"line":200,"column":null}},"72":{"start":{"line":200,"column":67},"end":{"line":200,"column":82}},"73":{"start":{"line":201,"column":28},"end":{"line":201,"column":null}},"74":{"start":{"line":207,"column":24},"end":{"line":209,"column":null}},"75":{"start":{"line":217,"column":14},"end":{"line":230,"column":null}},"76":{"start":{"line":224,"column":26},"end":{"line":224,"column":null}},"77":{"start":{"line":234,"column":14},"end":{"line":240,"column":null}},"78":{"start":{"line":238,"column":40},"end":{"line":238,"column":null}},"79":{"start":{"line":244,"column":14},"end":{"line":244,"column":null}},"80":{"start":{"line":261,"column":10},"end":{"line":263,"column":null}}},"fnMap":{"0":{"name":"(anonymous_0)","decl":{"start":{"line":10,"column":48},"end":{"line":10,"column":49}},"loc":{"start":{"line":18,"column":6},"end":{"line":268,"column":null}},"line":18},"1":{"name":"(anonymous_1)","decl":{"start":{"line":19,"column":40},"end":{"line":19,"column":46}},"loc":{"start":{"line":19,"column":46},"end":{"line":19,"column":61}},"line":19},"2":{"name":"(anonymous_2)","decl":{"start":{"line":21,"column":64},"end":{"line":21,"column":70}},"loc":{"start":{"line":21,"column":70},"end":{"line":29,"column":3}},"line":21},"3":{"name":"(anonymous_3)","decl":{"start":{"line":22,"column":25},"end":{"line":22,"column":26}},"loc":{"start":{"line":22,"column":41},"end":{"line":28,"column":7}},"line":22},"4":{"name":"(anonymous_4)","decl":{"start":{"line":31,"column":12},"end":{"line":31,"column":18}},"loc":{"start":{"line":31,"column":18},"end":{"line":43,"column":5}},"line":31},"5":{"name":"(anonymous_5)","decl":{"start":{"line":32,"column":38},"end":{"line":32,"column":39}},"loc":{"start":{"line":32,"column":54},"end":{"line":38,"column":7}},"line":32},"6":{"name":"(anonymous_6)","decl":{"start":{"line":46,"column":12},"end":{"line":46,"column":18}},"loc":{"start":{"line":46,"column":18},"end":{"line":94,"column":5}},"line":46},"7":{"name":"(anonymous_7)","decl":{"start":{"line":47,"column":31},"end":{"line":47,"column":43}},"loc":{"start":{"line":47,"column":43},"end":{"line":91,"column":null}},"line":47},"8":{"name":"(anonymous_8)","decl":{"start":{"line":54,"column":37},"end":{"line":54,"column":38}},"loc":{"start":{"line":54,"column":53},"end":{"line":61,"column":14}},"line":54},"9":{"name":"(anonymous_9)","decl":{"start":{"line":71,"column":26},"end":{"line":71,"column":27}},"loc":{"start":{"line":71,"column":37},"end":{"line":74,"column":16}},"line":71},"10":{"name":"(anonymous_10)","decl":{"start":{"line":85,"column":22},"end":{"line":85,"column":23}},"loc":{"start":{"line":85,"column":33},"end":{"line":88,"column":12}},"line":85},"11":{"name":"(anonymous_11)","decl":{"start":{"line":96,"column":24},"end":{"line":96,"column":25}},"loc":{"start":{"line":96,"column":54},"end":{"line":115,"column":null}},"line":96},"12":{"name":"(anonymous_12)","decl":{"start":{"line":97,"column":30},"end":{"line":97,"column":31}},"loc":{"start":{"line":97,"column":37},"end":{"line":97,"column":52}},"line":97},"13":{"name":"(anonymous_13)","decl":{"start":{"line":117,"column":23},"end":{"line":117,"column":24}},"loc":{"start":{"line":117,"column":75},"end":{"line":122,"column":null}},"line":117},"14":{"name":"(anonymous_14)","decl":{"start":{"line":118,"column":16},"end":{"line":118,"column":17}},"loc":{"start":{"line":118,"column":27},"end":{"line":118,"column":54}},"line":118},"15":{"name":"(anonymous_15)","decl":{"start":{"line":120,"column":14},"end":{"line":120,"column":15}},"loc":{"start":{"line":120,"column":25},"end":{"line":120,"column":52}},"line":120},"16":{"name":"(anonymous_16)","decl":{"start":{"line":124,"column":23},"end":{"line":124,"column":24}},"loc":{"start":{"line":124,"column":51},"end":{"line":127,"column":null}},"line":124},"17":{"name":"(anonymous_17)","decl":{"start":{"line":132,"column":20},"end":{"line":132,"column":21}},"loc":{"start":{"line":132,"column":31},"end":{"line":246,"column":9}},"line":132},"18":{"name":"(anonymous_18)","decl":{"start":{"line":157,"column":30},"end":{"line":157,"column":31}},"loc":{"start":{"line":157,"column":37},"end":{"line":157,"column":null}},"line":157},"19":{"name":"(anonymous_19)","decl":{"start":{"line":171,"column":32},"end":{"line":171,"column":33}},"loc":{"start":{"line":171,"column":39},"end":{"line":171,"column":null}},"line":171},"20":{"name":"(anonymous_20)","decl":{"start":{"line":175,"column":42},"end":{"line":175,"column":43}},"loc":{"start":{"line":176,"column":24},"end":{"line":178,"column":null}},"line":176},"21":{"name":"(anonymous_21)","decl":{"start":{"line":194,"column":32},"end":{"line":194,"column":33}},"loc":{"start":{"line":194,"column":39},"end":{"line":194,"column":null}},"line":194},"22":{"name":"(anonymous_22)","decl":{"start":{"line":197,"column":35},"end":{"line":197,"column":36}},"loc":{"start":{"line":198,"column":24},"end":{"line":203,"column":null}},"line":198},"23":{"name":"(anonymous_23)","decl":{"start":{"line":199,"column":31},"end":{"line":199,"column":32}},"loc":{"start":{"line":199,"column":40},"end":{"line":202,"column":27}},"line":199},"24":{"name":"(anonymous_24)","decl":{"start":{"line":200,"column":60},"end":{"line":200,"column":61}},"loc":{"start":{"line":200,"column":67},"end":{"line":200,"column":82}},"line":200},"25":{"name":"(anonymous_25)","decl":{"start":{"line":206,"column":42},"end":{"line":206,"column":43}},"loc":{"start":{"line":207,"column":24},"end":{"line":209,"column":null}},"line":207},"26":{"name":"(anonymous_26)","decl":{"start":{"line":223,"column":34},"end":{"line":223,"column":35}},"loc":{"start":{"line":224,"column":26},"end":{"line":224,"column":null}},"line":224},"27":{"name":"(anonymous_27)","decl":{"start":{"line":238,"column":30},"end":{"line":238,"column":31}},"loc":{"start":{"line":238,"column":40},"end":{"line":238,"column":null}},"line":238},"28":{"name":"(anonymous_28)","decl":{"start":{"line":260,"column":27},"end":{"line":260,"column":28}},"loc":{"start":{"line":261,"column":10},"end":{"line":263,"column":null}},"line":261}},"branchMap":{"0":{"loc":{"start":{"line":13,"column":2},"end":{"line":13,"column":null}},"type":"default-arg","locations":[{"start":{"line":13,"column":21},"end":{"line":13,"column":null}}],"line":13},"1":{"loc":{"start":{"line":14,"column":2},"end":{"line":14,"column":null}},"type":"default-arg","locations":[{"start":{"line":14,"column":21},"end":{"line":14,"column":null}}],"line":14},"2":{"loc":{"start":{"line":16,"column":2},"end":{"line":16,"column":null}},"type":"default-arg","locations":[{"start":{"line":16,"column":18},"end":{"line":16,"column":null}}],"line":16},"3":{"loc":{"start":{"line":17,"column":2},"end":{"line":17,"column":null}},"type":"default-arg","locations":[{"start":{"line":17,"column":18},"end":{"line":17,"column":null}}],"line":17},"4":{"loc":{"start":{"line":24,"column":8},"end":{"line":26,"column":null}},"type":"binary-expr","locations":[{"start":{"line":24,"column":8},"end":{"line":24,"column":null}},{"start":{"line":25,"column":8},"end":{"line":25,"column":null}},{"start":{"line":26,"column":9},"end":{"line":26,"column":null}}],"line":24},"5":{"loc":{"start":{"line":26,"column":9},"end":{"line":26,"column":null}},"type":"cond-expr","locations":[{"start":{"line":26,"column":35},"end":{"line":26,"column":43}},{"start":{"line":26,"column":43},"end":{"line":26,"column":null}}],"line":26},"6":{"loc":{"start":{"line":26,"column":43},"end":{"line":26,"column":null}},"type":"cond-expr","locations":[{"start":{"line":26,"column":74},"end":{"line":26,"column":79}},{"start":{"line":26,"column":79},"end":{"line":26,"column":null}}],"line":26},"7":{"loc":{"start":{"line":34,"column":8},"end":{"line":36,"column":null}},"type":"binary-expr","locations":[{"start":{"line":34,"column":8},"end":{"line":34,"column":null}},{"start":{"line":35,"column":8},"end":{"line":35,"column":null}},{"start":{"line":36,"column":9},"end":{"line":36,"column":null}}],"line":34},"8":{"loc":{"start":{"line":36,"column":9},"end":{"line":36,"column":null}},"type":"cond-expr","locations":[{"start":{"line":36,"column":35},"end":{"line":36,"column":43}},{"start":{"line":36,"column":43},"end":{"line":36,"column":null}}],"line":36},"9":{"loc":{"start":{"line":36,"column":43},"end":{"line":36,"column":null}},"type":"cond-expr","locations":[{"start":{"line":36,"column":74},"end":{"line":36,"column":79}},{"start":{"line":36,"column":79},"end":{"line":36,"column":null}}],"line":36},"10":{"loc":{"start":{"line":40,"column":4},"end":{"line":42,"column":null}},"type":"if","locations":[{"start":{"line":40,"column":4},"end":{"line":42,"column":null}},{"start":{},"end":{}}],"line":40},"11":{"loc":{"start":{"line":49,"column":8},"end":{"line":89,"column":null}},"type":"if","locations":[{"start":{"line":49,"column":8},"end":{"line":89,"column":null}},{"start":{"line":79,"column":8},"end":{"line":89,"column":null}}],"line":49},"12":{"loc":{"start":{"line":55,"column":26},"end":{"line":55,"column":55}},"type":"binary-expr","locations":[{"start":{"line":55,"column":26},"end":{"line":55,"column":50}},{"start":{"line":55,"column":50},"end":{"line":55,"column":55}}],"line":55},"13":{"loc":{"start":{"line":57,"column":16},"end":{"line":60,"column":null}},"type":"binary-expr","locations":[{"start":{"line":57,"column":16},"end":{"line":57,"column":null}},{"start":{"line":58,"column":16},"end":{"line":58,"column":null}},{"start":{"line":59,"column":16},"end":{"line":59,"column":null}},{"start":{"line":60,"column":16},"end":{"line":60,"column":null}}],"line":57},"14":{"loc":{"start":{"line":66,"column":12},"end":{"line":75,"column":null}},"type":"if","locations":[{"start":{"line":66,"column":12},"end":{"line":75,"column":null}},{"start":{},"end":{}}],"line":66},"15":{"loc":{"start":{"line":67,"column":14},"end":{"line":69,"column":null}},"type":"binary-expr","locations":[{"start":{"line":67,"column":14},"end":{"line":67,"column":null}},{"start":{"line":68,"column":15},"end":{"line":68,"column":null}},{"start":{"line":69,"column":17},"end":{"line":69,"column":56}},{"start":{"line":69,"column":56},"end":{"line":69,"column":null}}],"line":67},"16":{"loc":{"start":{"line":79,"column":8},"end":{"line":89,"column":null}},"type":"if","locations":[{"start":{"line":79,"column":8},"end":{"line":89,"column":null}},{"start":{},"end":{}}],"line":79},"17":{"loc":{"start":{"line":80,"column":10},"end":{"line":82,"column":null}},"type":"binary-expr","locations":[{"start":{"line":80,"column":10},"end":{"line":80,"column":null}},{"start":{"line":81,"column":11},"end":{"line":81,"column":null}},{"start":{"line":82,"column":13},"end":{"line":82,"column":52}},{"start":{"line":82,"column":52},"end":{"line":82,"column":null}}],"line":80},"18":{"loc":{"start":{"line":98,"column":4},"end":{"line":98,"column":null}},"type":"if","locations":[{"start":{"line":98,"column":4},"end":{"line":98,"column":null}},{"start":{},"end":{}}],"line":98},"19":{"loc":{"start":{"line":100,"column":18},"end":{"line":100,"column":null}},"type":"binary-expr","locations":[{"start":{"line":100,"column":18},"end":{"line":100,"column":39}},{"start":{"line":100,"column":39},"end":{"line":100,"column":null}}],"line":100},"20":{"loc":{"start":{"line":102,"column":20},"end":{"line":102,"column":30}},"type":"default-arg","locations":[{"start":{"line":102,"column":27},"end":{"line":102,"column":30}}],"line":102},"21":{"loc":{"start":{"line":104,"column":6},"end":{"line":107,"column":null}},"type":"if","locations":[{"start":{"line":104,"column":6},"end":{"line":107,"column":null}},{"start":{},"end":{}}],"line":104},"22":{"loc":{"start":{"line":106,"column":8},"end":{"line":106,"column":null}},"type":"if","locations":[{"start":{"line":106,"column":8},"end":{"line":106,"column":null}},{"start":{},"end":{}}],"line":106},"23":{"loc":{"start":{"line":110,"column":4},"end":{"line":112,"column":null}},"type":"if","locations":[{"start":{"line":110,"column":4},"end":{"line":112,"column":null}},{"start":{},"end":{}}],"line":110},"24":{"loc":{"start":{"line":110,"column":8},"end":{"line":110,"column":83}},"type":"binary-expr","locations":[{"start":{"line":110,"column":8},"end":{"line":110,"column":27}},{"start":{"line":110,"column":27},"end":{"line":110,"column":43}},{"start":{"line":110,"column":43},"end":{"line":110,"column":61}},{"start":{"line":110,"column":61},"end":{"line":110,"column":83}}],"line":110},"25":{"loc":{"start":{"line":121,"column":4},"end":{"line":121,"column":null}},"type":"if","locations":[{"start":{"line":121,"column":4},"end":{"line":121,"column":null}},{"start":{},"end":{}}],"line":121},"26":{"loc":{"start":{"line":126,"column":4},"end":{"line":126,"column":null}},"type":"if","locations":[{"start":{"line":126,"column":4},"end":{"line":126,"column":null}},{"start":{},"end":{}}],"line":126},"27":{"loc":{"start":{"line":130,"column":36},"end":{"line":130,"column":73}},"type":"cond-expr","locations":[{"start":{"line":130,"column":47},"end":{"line":130,"column":62}},{"start":{"line":130,"column":62},"end":{"line":130,"column":73}}],"line":130},"28":{"loc":{"start":{"line":133,"column":27},"end":{"line":133,"column":null}},"type":"cond-expr","locations":[{"start":{"line":133,"column":52},"end":{"line":133,"column":56}},{"start":{"line":133,"column":56},"end":{"line":133,"column":null}}],"line":133},"29":{"loc":{"start":{"line":135,"column":10},"end":{"line":245,"column":null}},"type":"switch","locations":[{"start":{"line":136,"column":12},"end":{"line":136,"column":null}},{"start":{"line":137,"column":12},"end":{"line":137,"column":null}},{"start":{"line":138,"column":12},"end":{"line":138,"column":null}},{"start":{"line":139,"column":12},"end":{"line":139,"column":null}},{"start":{"line":140,"column":12},"end":{"line":140,"column":null}},{"start":{"line":141,"column":12},"end":{"line":141,"column":null}},{"start":{"line":142,"column":12},"end":{"line":160,"column":null}},{"start":{"line":163,"column":12},"end":{"line":182,"column":null}},{"start":{"line":185,"column":12},"end":{"line":213,"column":null}},{"start":{"line":216,"column":12},"end":{"line":230,"column":null}},{"start":{"line":233,"column":12},"end":{"line":240,"column":null}},{"start":{"line":243,"column":12},"end":{"line":244,"column":null}}],"line":135},"30":{"loc":{"start":{"line":149,"column":26},"end":{"line":149,"column":null}},"type":"cond-expr","locations":[{"start":{"line":149,"column":54},"end":{"line":149,"column":63}},{"start":{"line":149,"column":63},"end":{"line":149,"column":null}}],"line":149},"31":{"loc":{"start":{"line":151,"column":26},"end":{"line":151,"column":null}},"type":"cond-expr","locations":[{"start":{"line":151,"column":54},"end":{"line":151,"column":58}},{"start":{"line":151,"column":58},"end":{"line":151,"column":null}}],"line":151},"32":{"loc":{"start":{"line":152,"column":27},"end":{"line":152,"column":null}},"type":"binary-expr","locations":[{"start":{"line":152,"column":27},"end":{"line":152,"column":51}},{"start":{"line":152,"column":51},"end":{"line":152,"column":null}}],"line":152},"33":{"loc":{"start":{"line":156,"column":32},"end":{"line":156,"column":null}},"type":"binary-expr","locations":[{"start":{"line":156,"column":32},"end":{"line":156,"column":54}},{"start":{"line":156,"column":54},"end":{"line":156,"column":null}}],"line":156},"34":{"loc":{"start":{"line":170,"column":29},"end":{"line":170,"column":null}},"type":"binary-expr","locations":[{"start":{"line":170,"column":29},"end":{"line":170,"column":53}},{"start":{"line":170,"column":53},"end":{"line":170,"column":null}}],"line":170},"35":{"loc":{"start":{"line":193,"column":29},"end":{"line":193,"column":null}},"type":"binary-expr","locations":[{"start":{"line":193,"column":29},"end":{"line":193,"column":53}},{"start":{"line":193,"column":53},"end":{"line":193,"column":null}}],"line":193},"36":{"loc":{"start":{"line":201,"column":35},"end":{"line":201,"column":null}},"type":"cond-expr","locations":[{"start":{"line":201,"column":41},"end":{"line":201,"column":53}},{"start":{"line":201,"column":53},"end":{"line":201,"column":null}}],"line":201},"37":{"loc":{"start":{"line":222,"column":33},"end":{"line":222,"column":null}},"type":"binary-expr","locations":[{"start":{"line":222,"column":33},"end":{"line":222,"column":57}},{"start":{"line":222,"column":57},"end":{"line":222,"column":null}}],"line":222},"38":{"loc":{"start":{"line":237,"column":27},"end":{"line":237,"column":null}},"type":"binary-expr","locations":[{"start":{"line":237,"column":27},"end":{"line":237,"column":51}},{"start":{"line":237,"column":51},"end":{"line":237,"column":null}}],"line":237},"39":{"loc":{"start":{"line":250,"column":9},"end":{"line":253,"column":null}},"type":"binary-expr","locations":[{"start":{"line":250,"column":9},"end":{"line":250,"column":null}},{"start":{"line":251,"column":10},"end":{"line":253,"column":null}}],"line":250},"40":{"loc":{"start":{"line":255,"column":9},"end":{"line":258,"column":null}},"type":"binary-expr","locations":[{"start":{"line":255,"column":9},"end":{"line":255,"column":null}},{"start":{"line":256,"column":10},"end":{"line":258,"column":null}}],"line":255}},"s":{"0":9,"1":35,"2":15,"3":35,"4":35,"5":15,"6":21,"7":21,"8":35,"9":18,"10":24,"11":24,"12":18,"13":1,"14":35,"15":18,"16":18,"17":24,"18":2,"19":2,"20":1,"21":1,"22":1,"23":1,"24":1,"25":0,"26":0,"27":1,"28":22,"29":1,"30":1,"31":18,"32":35,"33":11,"34":12,"35":11,"36":0,"37":11,"38":11,"39":2,"40":2,"41":2,"42":2,"43":2,"44":2,"45":9,"46":1,"47":8,"48":35,"49":11,"50":11,"51":11,"52":11,"53":11,"54":11,"55":2,"56":35,"57":2,"58":2,"59":2,"60":35,"61":40,"62":40,"63":17,"64":9,"65":7,"66":0,"67":2,"68":2,"69":0,"70":4,"71":4,"72":4,"73":4,"74":4,"75":7,"76":1,"77":4,"78":1,"79":3,"80":0},"f":{"0":35,"1":15,"2":15,"3":21,"4":18,"5":24,"6":18,"7":18,"8":1,"9":0,"10":1,"11":11,"12":12,"13":11,"14":11,"15":11,"16":2,"17":40,"18":9,"19":0,"20":2,"21":0,"22":4,"23":4,"24":4,"25":4,"26":1,"27":1,"28":0},"b":{"0":[35],"1":[35],"2":[35],"3":[35],"4":[21,21,13],"5":[4,9],"6":[0,9],"7":[24,24,15],"8":[4,11],"9":[0,11],"10":[1,17],"11":[2,22],"12":[1,0],"13":[1,0,0,0],"14":[0,1],"15":[1,1,1,0],"16":[1,21],"17":[22,7,6,2],"18":[0,11],"19":[11,9],"20":[2],"21":[2,0],"22":[2,0],"23":[1,8],"24":[9,2,1,1],"25":[2,9],"26":[2,0],"27":[10,20],"28":[0,40],"29":[17,17,17,17,17,17,17,7,2,7,4,3],"30":[0,17],"31":[0,17],"32":[17,0],"33":[17,14],"34":[7,5],"35":[2,0],"36":[4,0],"37":[7,4],"38":[4,0],"39":[35,0],"40":[35,10]},"meta":{"lastBranch":41,"lastFunction":29,"lastStatement":81,"seen":{"s:10:48:268:Infinity":0,"f:10:48:10:49":0,"b:13:21:13:Infinity":0,"b:14:21:14:Infinity":1,"b:16:18:16:Infinity":2,"b:17:18:17:Infinity":3,"s:19:8:19:Infinity":1,"f:19:40:19:46":1,"s:19:46:19:61":2,"s:20:26:20:Infinity":3,"s:21:30:29:Infinity":4,"f:21:64:21:70":2,"s:22:4:28:Infinity":5,"f:22:25:22:26":3,"s:23:6:26:Infinity":6,"b:24:8:24:Infinity:25:8:25:Infinity:26:9:26:Infinity":4,"b:26:35:26:43:26:43:26:Infinity":5,"b:26:74:26:79:26:79:26:Infinity":6,"s:27:6:27:Infinity":7,"s:31:2:43:Infinity":8,"f:31:12:31:18":4,"s:32:24:38:Infinity":9,"f:32:38:32:39":5,"s:33:6:36:Infinity":10,"b:34:8:34:Infinity:35:8:35:Infinity:36:9:36:Infinity":7,"b:36:35:36:43:36:43:36:Infinity":8,"b:36:74:36:79:36:79:36:Infinity":9,"s:37:6:37:Infinity":11,"b:40:4:42:Infinity:undefined:undefined:undefined:undefined":10,"s:40:4:42:Infinity":12,"s:41:6:41:Infinity":13,"s:46:2:94:Infinity":14,"f:46:12:46:18":6,"s:47:31:91:Infinity":15,"f:47:31:47:43":7,"s:48:6:90:Infinity":16,"b:49:8:89:Infinity:79:8:89:Infinity":11,"s:49:8:89:Infinity":17,"s:50:10:78:Infinity":18,"s:51:29:51:Infinity":19,"s:52:25:52:Infinity":20,"s:54:28:61:Infinity":21,"f:54:37:54:38":8,"s:54:53:61:14":22,"b:55:26:55:50:55:50:55:55":12,"b:57:16:57:Infinity:58:16:58:Infinity:59:16:59:Infinity:60:16:60:Infinity":13,"s:63:12:63:Infinity":23,"b:66:12:75:Infinity:undefined:undefined:undefined:undefined":14,"s:66:12:75:Infinity":24,"b:67:14:67:Infinity:68:15:68:Infinity:69:17:69:56:69:56:69:Infinity":15,"s:71:14:74:Infinity":25,"f:71:26:71:27":9,"s:71:37:74:16":26,"s:77:12:77:Infinity":27,"b:79:8:89:Infinity:undefined:undefined:undefined:undefined":16,"s:79:8:89:Infinity":28,"b:80:10:80:Infinity:81:11:81:Infinity:82:13:82:52:82:52:82:Infinity":17,"s:85:10:88:Infinity":29,"f:85:22:85:23":10,"s:85:33:88:12":30,"s:93:4:93:Infinity":31,"s:96:24:115:Infinity":32,"f:96:24:96:25":11,"s:97:18:97:Infinity":33,"f:97:30:97:31":12,"s:97:37:97:52":34,"b:98:4:98:Infinity:undefined:undefined:undefined:undefined":18,"s:98:4:98:Infinity":35,"s:98:16:98:Infinity":36,"s:100:18:100:Infinity":37,"b:100:18:100:39:100:39:100:Infinity":19,"s:101:4:108:Infinity":38,"s:102:34:102:Infinity":39,"b:102:27:102:30":20,"s:103:24:103:Infinity":40,"b:104:6:107:Infinity:undefined:undefined:undefined:undefined":21,"s:104:6:107:Infinity":41,"s:105:22:105:Infinity":42,"b:106:8:106:Infinity:undefined:undefined:undefined:undefined":22,"s:106:8:106:Infinity":43,"s:106:19:106:Infinity":44,"b:110:4:112:Infinity:undefined:undefined:undefined:undefined":23,"s:110:4:112:Infinity":45,"b:110:8:110:27:110:27:110:43:110:43:110:61:110:61:110:83":24,"s:111:6:111:Infinity":46,"s:114:4:114:Infinity":47,"s:117:23:122:Infinity":48,"f:117:23:117:24":13,"s:118:4:118:Infinity":49,"f:118:16:118:17":14,"s:118:27:118:54":50,"s:119:18:119:Infinity":51,"s:120:4:120:Infinity":52,"f:120:14:120:15":15,"s:120:25:120:52":53,"b:121:4:121:Infinity:undefined:undefined:undefined:undefined":25,"s:121:4:121:Infinity":54,"s:121:24:121:Infinity":55,"s:124:23:127:Infinity":56,"f:124:23:124:24":16,"s:125:4:125:Infinity":57,"b:126:4:126:Infinity:undefined:undefined:undefined:undefined":26,"s:126:4:126:Infinity":58,"s:126:18:126:Infinity":59,"s:129:2:266:Infinity":60,"b:130:47:130:62:130:62:130:73":27,"f:132:20:132:21":17,"s:133:27:133:Infinity":61,"b:133:52:133:56:133:56:133:Infinity":28,"b:136:12:136:Infinity:137:12:137:Infinity:138:12:138:Infinity:139:12:139:Infinity:140:12:140:Infinity:141:12:141:Infinity:142:12:160:Infinity:163:12:182:Infinity:185:12:213:Infinity:216:12:230:Infinity:233:12:240:Infinity:243:12:244:Infinity":29,"s:135:10:245:Infinity":62,"s:143:14:160:Infinity":63,"b:149:54:149:63:149:63:149:Infinity":30,"b:151:54:151:58:151:58:151:Infinity":31,"b:152:27:152:51:152:51:152:Infinity":32,"b:156:32:156:54:156:54:156:Infinity":33,"f:157:30:157:31":18,"s:157:37:157:Infinity":64,"s:164:14:182:Infinity":65,"b:170:29:170:53:170:53:170:Infinity":34,"f:171:32:171:33":19,"s:171:39:171:Infinity":66,"f:175:42:175:43":20,"s:176:24:178:Infinity":67,"s:186:14:213:Infinity":68,"b:193:29:193:53:193:53:193:Infinity":35,"f:194:32:194:33":21,"s:194:39:194:Infinity":69,"f:197:35:197:36":22,"s:198:24:203:Infinity":70,"f:199:31:199:32":23,"s:200:40:200:Infinity":71,"f:200:60:200:61":24,"s:200:67:200:82":72,"s:201:28:201:Infinity":73,"b:201:41:201:53:201:53:201:Infinity":36,"f:206:42:206:43":25,"s:207:24:209:Infinity":74,"s:217:14:230:Infinity":75,"b:222:33:222:57:222:57:222:Infinity":37,"f:223:34:223:35":26,"s:224:26:224:Infinity":76,"s:234:14:240:Infinity":77,"b:237:27:237:51:237:51:237:Infinity":38,"f:238:30:238:31":27,"s:238:40:238:Infinity":78,"s:244:14:244:Infinity":79,"b:250:9:250:Infinity:251:10:253:Infinity":39,"b:255:9:255:Infinity:256:10:258:Infinity":40,"f:260:27:260:28":28,"s:261:10:263:Infinity":80}}}
,"C:\\development\\fog-ui\\src\\components\\forms\\SearchForm.tsx": {"path":"C:\\development\\fog-ui\\src\\components\\forms\\SearchForm.tsx","statementMap":{"0":{"start":{"line":13,"column":53},"end":{"line":29,"column":null}},"1":{"start":{"line":14,"column":2},"end":{"line":27,"column":null}}},"fnMap":{"0":{"name":"(anonymous_0)","decl":{"start":{"line":13,"column":53},"end":{"line":13,"column":54}},"loc":{"start":{"line":13,"column":92},"end":{"line":29,"column":null}},"line":13}},"branchMap":{},"s":{"0":1,"1":1},"f":{"0":1},"b":{},"meta":{"lastBranch":0,"lastFunction":1,"lastStatement":2,"seen":{"s:13:53:29:Infinity":0,"f:13:53:13:54":0,"s:14:2:27:Infinity":1}}}
,"C:\\development\\fog-ui\\src\\components\\forms\\validation.ts": {"path":"C:\\development\\fog-ui\\src\\components\\forms\\validation.ts","statementMap":{"0":{"start":{"line":3,"column":67},"end":{"line":33,"column":null}},"1":{"start":{"line":5,"column":4},"end":{"line":6,"column":null}},"2":{"start":{"line":6,"column":6},"end":{"line":6,"column":null}},"3":{"start":{"line":7,"column":4},"end":{"line":7,"column":null}},"4":{"start":{"line":11,"column":4},"end":{"line":11,"column":null}},"5":{"start":{"line":11,"column":16},"end":{"line":11,"column":null}},"6":{"start":{"line":12,"column":23},"end":{"line":12,"column":null}},"7":{"start":{"line":13,"column":4},"end":{"line":13,"column":null}},"8":{"start":{"line":17,"column":4},"end":{"line":17,"column":null}},"9":{"start":{"line":17,"column":16},"end":{"line":17,"column":null}},"10":{"start":{"line":18,"column":4},"end":{"line":18,"column":null}},"11":{"start":{"line":22,"column":4},"end":{"line":22,"column":null}},"12":{"start":{"line":22,"column":16},"end":{"line":22,"column":null}},"13":{"start":{"line":23,"column":4},"end":{"line":23,"column":null}},"14":{"start":{"line":27,"column":21},"end":{"line":27,"column":null}},"15":{"start":{"line":28,"column":4},"end":{"line":28,"column":null}},"16":{"start":{"line":28,"column":25},"end":{"line":28,"column":null}},"17":{"start":{"line":29,"column":4},"end":{"line":29,"column":null}},"18":{"start":{"line":29,"column":24},"end":{"line":29,"column":null}},"19":{"start":{"line":30,"column":4},"end":{"line":30,"column":null}},"20":{"start":{"line":30,"column":24},"end":{"line":30,"column":null}},"21":{"start":{"line":31,"column":4},"end":{"line":31,"column":null}}},"fnMap":{"0":{"name":"(anonymous_0)","decl":{"start":{"line":4,"column":12},"end":{"line":4,"column":13}},"loc":{"start":{"line":4,"column":28},"end":{"line":8,"column":null}},"line":4},"1":{"name":"(anonymous_1)","decl":{"start":{"line":10,"column":9},"end":{"line":10,"column":10}},"loc":{"start":{"line":10,"column":28},"end":{"line":14,"column":null}},"line":10},"2":{"name":"(anonymous_2)","decl":{"start":{"line":16,"column":13},"end":{"line":16,"column":14}},"loc":{"start":{"line":16,"column":48},"end":{"line":19,"column":null}},"line":16},"3":{"name":"(anonymous_3)","decl":{"start":{"line":21,"column":13},"end":{"line":21,"column":14}},"loc":{"start":{"line":21,"column":48},"end":{"line":24,"column":null}},"line":21},"4":{"name":"(anonymous_4)","decl":{"start":{"line":26,"column":15},"end":{"line":26,"column":16}},"loc":{"start":{"line":26,"column":60},"end":{"line":32,"column":null}},"line":26}},"branchMap":{"0":{"loc":{"start":{"line":5,"column":4},"end":{"line":6,"column":null}},"type":"if","locations":[{"start":{"line":5,"column":4},"end":{"line":6,"column":null}},{"start":{},"end":{}}],"line":5},"1":{"loc":{"start":{"line":5,"column":8},"end":{"line":5,"column":null}},"type":"binary-expr","locations":[{"start":{"line":5,"column":8},"end":{"line":5,"column":26}},{"start":{"line":5,"column":26},"end":{"line":5,"column":49}},{"start":{"line":5,"column":49},"end":{"line":5,"column":65}},{"start":{"line":5,"column":65},"end":{"line":5,"column":null}}],"line":5},"2":{"loc":{"start":{"line":11,"column":4},"end":{"line":11,"column":null}},"type":"if","locations":[{"start":{"line":11,"column":4},"end":{"line":11,"column":null}},{"start":{},"end":{}}],"line":11},"3":{"loc":{"start":{"line":13,"column":11},"end":{"line":13,"column":null}},"type":"cond-expr","locations":[{"start":{"line":13,"column":36},"end":{"line":13,"column":43}},{"start":{"line":13,"column":43},"end":{"line":13,"column":null}}],"line":13},"4":{"loc":{"start":{"line":17,"column":4},"end":{"line":17,"column":null}},"type":"if","locations":[{"start":{"line":17,"column":4},"end":{"line":17,"column":null}},{"start":{},"end":{}}],"line":17},"5":{"loc":{"start":{"line":18,"column":11},"end":{"line":18,"column":null}},"type":"cond-expr","locations":[{"start":{"line":18,"column":35},"end":{"line":18,"column":78}},{"start":{"line":18,"column":78},"end":{"line":18,"column":null}}],"line":18},"6":{"loc":{"start":{"line":22,"column":4},"end":{"line":22,"column":null}},"type":"if","locations":[{"start":{"line":22,"column":4},"end":{"line":22,"column":null}},{"start":{},"end":{}}],"line":22},"7":{"loc":{"start":{"line":23,"column":11},"end":{"line":23,"column":null}},"type":"cond-expr","locations":[{"start":{"line":23,"column":35},"end":{"line":23,"column":80}},{"start":{"line":23,"column":80},"end":{"line":23,"column":null}}],"line":23},"8":{"loc":{"start":{"line":28,"column":4},"end":{"line":28,"column":null}},"type":"if","locations":[{"start":{"line":28,"column":4},"end":{"line":28,"column":null}},{"start":{},"end":{}}],"line":28},"9":{"loc":{"start":{"line":29,"column":4},"end":{"line":29,"column":null}},"type":"if","locations":[{"start":{"line":29,"column":4},"end":{"line":29,"column":null}},{"start":{},"end":{}}],"line":29},"10":{"loc":{"start":{"line":30,"column":4},"end":{"line":30,"column":null}},"type":"if","locations":[{"start":{"line":30,"column":4},"end":{"line":30,"column":null}},{"start":{},"end":{}}],"line":30}},"s":{"0":10,"1":3,"2":2,"3":1,"4":3,"5":1,"6":2,"7":2,"8":4,"9":1,"10":3,"11":1,"12":0,"13":1,"14":4,"15":4,"16":1,"17":3,"18":3,"19":2,"20":2,"21":1},"f":{"0":3,"1":3,"2":4,"3":1,"4":4},"b":{"0":[2,1],"1":[3,2,2,1],"2":[1,2],"3":[1,1],"4":[1,3],"5":[3,0],"6":[0,1],"7":[1,0],"8":[1,3],"9":[1,2],"10":[1,1]},"meta":{"lastBranch":11,"lastFunction":5,"lastStatement":22,"seen":{"s:3:67:33:Infinity":0,"f:4:12:4:13":0,"b:5:4:6:Infinity:undefined:undefined:undefined:undefined":0,"s:5:4:6:Infinity":1,"b:5:8:5:26:5:26:5:49:5:49:5:65:5:65:5:Infinity":1,"s:6:6:6:Infinity":2,"s:7:4:7:Infinity":3,"f:10:9:10:10":1,"b:11:4:11:Infinity:undefined:undefined:undefined:undefined":2,"s:11:4:11:Infinity":4,"s:11:16:11:Infinity":5,"s:12:23:12:Infinity":6,"s:13:4:13:Infinity":7,"b:13:36:13:43:13:43:13:Infinity":3,"f:16:13:16:14":2,"b:17:4:17:Infinity:undefined:undefined:undefined:undefined":4,"s:17:4:17:Infinity":8,"s:17:16:17:Infinity":9,"s:18:4:18:Infinity":10,"b:18:35:18:78:18:78:18:Infinity":5,"f:21:13:21:14":3,"b:22:4:22:Infinity:undefined:undefined:undefined:undefined":6,"s:22:4:22:Infinity":11,"s:22:16:22:Infinity":12,"s:23:4:23:Infinity":13,"b:23:35:23:80:23:80:23:Infinity":7,"f:26:15:26:16":4,"s:27:21:27:Infinity":14,"b:28:4:28:Infinity:undefined:undefined:undefined:undefined":8,"s:28:4:28:Infinity":15,"s:28:25:28:Infinity":16,"b:29:4:29:Infinity:undefined:undefined:undefined:undefined":9,"s:29:4:29:Infinity":17,"s:29:24:29:Infinity":18,"b:30:4:30:Infinity:undefined:undefined:undefined:undefined":10,"s:30:4:30:Infinity":19,"s:30:24:30:Infinity":20,"s:31:4:31:Infinity":21}}}
,"C:\\development\\fog-ui\\src\\components\\lists\\AccordionList.tsx": {"path":"C:\\development\\fog-ui\\src\\components\\lists\\AccordionList.tsx","statementMap":{"0":{"start":{"line":16,"column":59},"end":{"line":28,"column":null}},"1":{"start":{"line":17,"column":4},"end":{"line":26,"column":null}},"2":{"start":{"line":19,"column":12},"end":{"line":25,"column":null}}},"fnMap":{"0":{"name":"(anonymous_0)","decl":{"start":{"line":16,"column":59},"end":{"line":16,"column":60}},"loc":{"start":{"line":16,"column":74},"end":{"line":28,"column":null}},"line":16},"1":{"name":"(anonymous_1)","decl":{"start":{"line":18,"column":18},"end":{"line":18,"column":19}},"loc":{"start":{"line":19,"column":12},"end":{"line":25,"column":null}},"line":19}},"branchMap":{"0":{"loc":{"start":{"line":22,"column":21},"end":{"line":22,"column":null}},"type":"cond-expr","locations":[{"start":{"line":22,"column":39},"end":{"line":22,"column":90}},{"start":{"line":22,"column":90},"end":{"line":22,"column":null}}],"line":22}},"s":{"0":1,"1":1,"2":1},"f":{"0":1,"1":1},"b":{"0":[0,1]},"meta":{"lastBranch":1,"lastFunction":2,"lastStatement":3,"seen":{"s:16:59:28:Infinity":0,"f:16:59:16:60":0,"s:17:4:26:Infinity":1,"f:18:18:18:19":1,"s:19:12:25:Infinity":2,"b:22:39:22:90:22:90:22:Infinity":0}}}
,"C:\\development\\fog-ui\\src\\components\\lists\\CircularProgressList.tsx": {"path":"C:\\development\\fog-ui\\src\\components\\lists\\CircularProgressList.tsx","statementMap":{"0":{"start":{"line":14,"column":73},"end":{"line":35,"column":null}},"1":{"start":{"line":15,"column":4},"end":{"line":33,"column":null}},"2":{"start":{"line":18,"column":16},"end":{"line":31,"column":null}}},"fnMap":{"0":{"name":"(anonymous_0)","decl":{"start":{"line":14,"column":73},"end":{"line":14,"column":74}},"loc":{"start":{"line":14,"column":88},"end":{"line":35,"column":null}},"line":14},"1":{"name":"(anonymous_1)","decl":{"start":{"line":17,"column":23},"end":{"line":17,"column":24}},"loc":{"start":{"line":18,"column":16},"end":{"line":31,"column":null}},"line":18}},"branchMap":{"0":{"loc":{"start":{"line":30,"column":21},"end":{"line":30,"column":null}},"type":"binary-expr","locations":[{"start":{"line":30,"column":21},"end":{"line":30,"column":49}},{"start":{"line":30,"column":49},"end":{"line":30,"column":null}}],"line":30}},"s":{"0":1,"1":1,"2":1},"f":{"0":1,"1":1},"b":{"0":[1,0]},"meta":{"lastBranch":1,"lastFunction":2,"lastStatement":3,"seen":{"s:14:73:35:Infinity":0,"f:14:73:14:74":0,"s:15:4:33:Infinity":1,"f:17:23:17:24":1,"s:18:16:31:Infinity":2,"b:30:21:30:49:30:49:30:Infinity":0}}}
,"C:\\development\\fog-ui\\src\\components\\lists\\List.tsx": {"path":"C:\\development\\fog-ui\\src\\components\\lists\\List.tsx","statementMap":{"0":{"start":{"line":19,"column":55},"end":{"line":41,"column":null}},"1":{"start":{"line":20,"column":10},"end":{"line":20,"column":null}},"2":{"start":{"line":22,"column":28},"end":{"line":26,"column":null}},"3":{"start":{"line":23,"column":8},"end":{"line":25,"column":null}},"4":{"start":{"line":24,"column":12},"end":{"line":24,"column":null}},"5":{"start":{"line":28,"column":4},"end":{"line":39,"column":null}},"6":{"start":{"line":31,"column":16},"end":{"line":37,"column":null}},"7":{"start":{"line":31,"column":70},"end":{"line":31,"column":null}}},"fnMap":{"0":{"name":"(anonymous_0)","decl":{"start":{"line":19,"column":55},"end":{"line":19,"column":56}},"loc":{"start":{"line":19,"column":70},"end":{"line":41,"column":null}},"line":19},"1":{"name":"(anonymous_1)","decl":{"start":{"line":22,"column":28},"end":{"line":22,"column":29}},"loc":{"start":{"line":22,"column":47},"end":{"line":26,"column":null}},"line":22},"2":{"name":"(anonymous_2)","decl":{"start":{"line":30,"column":23},"end":{"line":30,"column":24}},"loc":{"start":{"line":31,"column":16},"end":{"line":37,"column":null}},"line":31},"3":{"name":"(anonymous_3)","decl":{"start":{"line":31,"column":64},"end":{"line":31,"column":70}},"loc":{"start":{"line":31,"column":70},"end":{"line":31,"column":null}},"line":31}},"branchMap":{"0":{"loc":{"start":{"line":23,"column":8},"end":{"line":25,"column":null}},"type":"if","locations":[{"start":{"line":23,"column":8},"end":{"line":25,"column":null}},{"start":{},"end":{}}],"line":23},"1":{"loc":{"start":{"line":32,"column":47},"end":{"line":32,"column":72}},"type":"cond-expr","locations":[{"start":{"line":32,"column":59},"end":{"line":32,"column":65}},{"start":{"line":32,"column":65},"end":{"line":32,"column":72}}],"line":32},"2":{"loc":{"start":{"line":33,"column":25},"end":{"line":33,"column":null}},"type":"cond-expr","locations":[{"start":{"line":33,"column":37},"end":{"line":33,"column":80}},{"start":{"line":33,"column":80},"end":{"line":33,"column":null}}],"line":33},"3":{"loc":{"start":{"line":35,"column":25},"end":{"line":35,"column":null}},"type":"binary-expr","locations":[{"start":{"line":35,"column":25},"end":{"line":35,"column":38}},{"start":{"line":35,"column":38},"end":{"line":35,"column":null}}],"line":35}},"s":{"0":2,"1":3,"2":3,"3":1,"4":1,"5":3,"6":3,"7":1},"f":{"0":3,"1":1,"2":3,"3":1},"b":{"0":[1,0],"1":[1,2],"2":[0,3],"3":[3,1]},"meta":{"lastBranch":4,"lastFunction":4,"lastStatement":8,"seen":{"s:19:55:41:Infinity":0,"f:19:55:19:56":0,"s:20:10:20:Infinity":1,"s:22:28:26:Infinity":2,"f:22:28:22:29":1,"b:23:8:25:Infinity:undefined:undefined:undefined:undefined":0,"s:23:8:25:Infinity":3,"s:24:12:24:Infinity":4,"s:28:4:39:Infinity":5,"f:30:23:30:24":2,"s:31:16:37:Infinity":6,"f:31:64:31:70":3,"s:31:70:31:Infinity":7,"b:32:59:32:65:32:65:32:72":1,"b:33:37:33:80:33:80:33:Infinity":2,"b:35:25:35:38:35:38:35:Infinity":3}}}
,"C:\\development\\fog-ui\\src\\components\\popup\\popup.tsx": {"path":"C:\\development\\fog-ui\\src\\components\\popup\\popup.tsx","statementMap":{"0":{"start":{"line":21,"column":43},"end":{"line":38,"column":null}},"1":{"start":{"line":22,"column":4},"end":{"line":36,"column":null}},"2":{"start":{"line":33,"column":20},"end":{"line":33,"column":null}}},"fnMap":{"0":{"name":"(anonymous_0)","decl":{"start":{"line":21,"column":43},"end":{"line":21,"column":44}},"loc":{"start":{"line":21,"column":93},"end":{"line":38,"column":null}},"line":21},"1":{"name":"(anonymous_1)","decl":{"start":{"line":32,"column":30},"end":{"line":32,"column":31}},"loc":{"start":{"line":33,"column":20},"end":{"line":33,"column":null}},"line":33}},"branchMap":{},"s":{"0":1,"1":3,"2":1},"f":{"0":3,"1":1},"b":{},"meta":{"lastBranch":0,"lastFunction":2,"lastStatement":3,"seen":{"s:21:43:38:Infinity":0,"f:21:43:21:44":0,"s:22:4:36:Infinity":1,"f:32:30:32:31":1,"s:33:20:33:Infinity":2}}}
,"C:\\development\\fog-ui\\src\\components\\table\\DataLoading.tsx": {"path":"C:\\development\\fog-ui\\src\\components\\table\\DataLoading.tsx","statementMap":{"0":{"start":{"line":5,"column":2},"end":{"line":10,"column":null}}},"fnMap":{"0":{"name":"DataLoading","decl":{"start":{"line":4,"column":16},"end":{"line":4,"column":31}},"loc":{"start":{"line":4,"column":75},"end":{"line":12,"column":null}},"line":4}},"branchMap":{},"s":{"0":5},"f":{"0":5},"b":{},"meta":{"lastBranch":0,"lastFunction":1,"lastStatement":1,"seen":{"f:4:16:4:31":0,"s:5:2:10:Infinity":0}}}
,"C:\\development\\fog-ui\\src\\components\\table\\DataRow.tsx": {"path":"C:\\development\\fog-ui\\src\\components\\table\\DataRow.tsx","statementMap":{"0":{"start":{"line":7,"column":2},"end":{"line":18,"column":null}},"1":{"start":{"line":8,"column":36},"end":{"line":8,"column":null}},"2":{"start":{"line":15,"column":8},"end":{"line":15,"column":null}}},"fnMap":{"0":{"name":"DataRow","decl":{"start":{"line":5,"column":16},"end":{"line":5,"column":27}},"loc":{"start":{"line":5,"column":121},"end":{"line":20,"column":null}},"line":5},"1":{"name":"(anonymous_1)","decl":{"start":{"line":8,"column":30},"end":{"line":8,"column":36}},"loc":{"start":{"line":8,"column":36},"end":{"line":8,"column":null}},"line":8},"2":{"name":"(anonymous_2)","decl":{"start":{"line":14,"column":19},"end":{"line":14,"column":20}},"loc":{"start":{"line":15,"column":8},"end":{"line":15,"column":null}},"line":15}},"branchMap":{"0":{"loc":{"start":{"line":9,"column":7},"end":{"line":12,"column":null}},"type":"binary-expr","locations":[{"start":{"line":9,"column":7},"end":{"line":9,"column":null}},{"start":{"line":10,"column":8},"end":{"line":12,"column":null}}],"line":9},"1":{"loc":{"start":{"line":11,"column":36},"end":{"line":11,"column":89}},"type":"cond-expr","locations":[{"start":{"line":11,"column":45},"end":{"line":11,"column":67}},{"start":{"line":11,"column":67},"end":{"line":11,"column":89}}],"line":11},"2":{"loc":{"start":{"line":15,"column":48},"end":{"line":15,"column":70}},"type":"binary-expr","locations":[{"start":{"line":15,"column":48},"end":{"line":15,"column":61}},{"start":{"line":15,"column":61},"end":{"line":15,"column":70}}],"line":15},"3":{"loc":{"start":{"line":15,"column":70},"end":{"line":15,"column":125}},"type":"cond-expr","locations":[{"start":{"line":15,"column":83},"end":{"line":15,"column":103}},{"start":{"line":15,"column":103},"end":{"line":15,"column":125}}],"line":15},"4":{"loc":{"start":{"line":17,"column":7},"end":{"line":17,"column":null}},"type":"binary-expr","locations":[{"start":{"line":17,"column":7},"end":{"line":17,"column":23}},{"start":{"line":17,"column":23},"end":{"line":17,"column":null}}],"line":17}},"s":{"0":9,"1":5,"2":9},"f":{"0":9,"1":5,"2":9},"b":{"0":[9,8],"1":[4,4],"2":[9,9],"3":[0,9],"4":[9,0]},"meta":{"lastBranch":5,"lastFunction":3,"lastStatement":3,"seen":{"f:5:16:5:27":0,"s:7:2:18:Infinity":0,"f:8:30:8:36":1,"s:8:36:8:Infinity":1,"b:9:7:9:Infinity:10:8:12:Infinity":0,"b:11:45:11:67:11:67:11:89":1,"f:14:19:14:20":2,"s:15:8:15:Infinity":2,"b:15:48:15:61:15:61:15:70":2,"b:15:83:15:103:15:103:15:125":3,"b:17:7:17:23:17:23:17:Infinity":4}}}
,"C:\\development\\fog-ui\\src\\components\\table\\DataTable.tsx": {"path":"C:\\development\\fog-ui\\src\\components\\table\\DataTable.tsx","statementMap":{"0":{"start":{"line":32,"column":32},"end":{"line":32,"column":null}},"1":{"start":{"line":33,"column":8},"end":{"line":33,"column":null}},"2":{"start":{"line":35,"column":23},"end":{"line":37,"column":null}},"3":{"start":{"line":36,"column":4},"end":{"line":36,"column":null}},"4":{"start":{"line":36,"column":28},"end":{"line":36,"column":52}},"5":{"start":{"line":39,"column":2},"end":{"line":48,"column":null}},"6":{"start":{"line":40,"column":4},"end":{"line":40,"column":null}},"7":{"start":{"line":40,"column":36},"end":{"line":40,"column":null}},"8":{"start":{"line":41,"column":4},"end":{"line":41,"column":null}},"9":{"start":{"line":41,"column":45},"end":{"line":41,"column":null}},"10":{"start":{"line":43,"column":25},"end":{"line":43,"column":null}},"11":{"start":{"line":43,"column":45},"end":{"line":43,"column":67}},"12":{"start":{"line":44,"column":4},"end":{"line":47,"column":null}},"13":{"start":{"line":45,"column":6},"end":{"line":45,"column":null}},"14":{"start":{"line":46,"column":6},"end":{"line":46,"column":null}},"15":{"start":{"line":51,"column":2},"end":{"line":55,"column":null}},"16":{"start":{"line":52,"column":4},"end":{"line":52,"column":null}},"17":{"start":{"line":53,"column":2},"end":{"line":55,"column":null}},"18":{"start":{"line":54,"column":4},"end":{"line":54,"column":null}},"19":{"start":{"line":57,"column":2},"end":{"line":129,"column":null}},"20":{"start":{"line":73,"column":25},"end":{"line":73,"column":null}},"21":{"start":{"line":74,"column":29},"end":{"line":74,"column":null}},"22":{"start":{"line":76,"column":14},"end":{"line":123,"column":null}}},"fnMap":{"0":{"name":"DataTable","decl":{"start":{"line":20,"column":16},"end":{"line":20,"column":63}},"loc":{"start":{"line":31,"column":70},"end":{"line":131,"column":null}},"line":31},"1":{"name":"(anonymous_1)","decl":{"start":{"line":35,"column":23},"end":{"line":35,"column":24}},"loc":{"start":{"line":35,"column":48},"end":{"line":37,"column":null}},"line":35},"2":{"name":"(anonymous_2)","decl":{"start":{"line":36,"column":17},"end":{"line":36,"column":18}},"loc":{"start":{"line":36,"column":28},"end":{"line":36,"column":52}},"line":36},"3":{"name":"(anonymous_3)","decl":{"start":{"line":39,"column":12},"end":{"line":39,"column":18}},"loc":{"start":{"line":39,"column":18},"end":{"line":48,"column":5}},"line":39},"4":{"name":"(anonymous_4)","decl":{"start":{"line":43,"column":35},"end":{"line":43,"column":36}},"loc":{"start":{"line":43,"column":45},"end":{"line":43,"column":67}},"line":43},"5":{"name":"(anonymous_5)","decl":{"start":{"line":72,"column":20},"end":{"line":72,"column":21}},"loc":{"start":{"line":72,"column":30},"end":{"line":125,"column":13}},"line":72}},"branchMap":{"0":{"loc":{"start":{"line":25,"column":2},"end":{"line":25,"column":null}},"type":"default-arg","locations":[{"start":{"line":25,"column":12},"end":{"line":25,"column":null}}],"line":25},"1":{"loc":{"start":{"line":26,"column":2},"end":{"line":26,"column":null}},"type":"default-arg","locations":[{"start":{"line":26,"column":17},"end":{"line":26,"column":null}}],"line":26},"2":{"loc":{"start":{"line":36,"column":28},"end":{"line":36,"column":52}},"type":"cond-expr","locations":[{"start":{"line":36,"column":42},"end":{"line":36,"column":49}},{"start":{"line":36,"column":49},"end":{"line":36,"column":52}}],"line":36},"3":{"loc":{"start":{"line":40,"column":4},"end":{"line":40,"column":null}},"type":"if","locations":[{"start":{"line":40,"column":4},"end":{"line":40,"column":null}},{"start":{},"end":{}}],"line":40},"4":{"loc":{"start":{"line":40,"column":8},"end":{"line":40,"column":36}},"type":"binary-expr","locations":[{"start":{"line":40,"column":8},"end":{"line":40,"column":22}},{"start":{"line":40,"column":22},"end":{"line":40,"column":36}}],"line":40},"5":{"loc":{"start":{"line":41,"column":4},"end":{"line":41,"column":null}},"type":"if","locations":[{"start":{"line":41,"column":4},"end":{"line":41,"column":null}},{"start":{},"end":{}}],"line":41},"6":{"loc":{"start":{"line":44,"column":4},"end":{"line":47,"column":null}},"type":"if","locations":[{"start":{"line":44,"column":4},"end":{"line":47,"column":null}},{"start":{},"end":{}}],"line":44},"7":{"loc":{"start":{"line":51,"column":2},"end":{"line":55,"column":null}},"type":"if","locations":[{"start":{"line":51,"column":2},"end":{"line":55,"column":null}},{"start":{"line":53,"column":2},"end":{"line":55,"column":null}}],"line":51},"8":{"loc":{"start":{"line":53,"column":2},"end":{"line":55,"column":null}},"type":"if","locations":[{"start":{"line":53,"column":2},"end":{"line":55,"column":null}},{"start":{},"end":{}}],"line":53},"9":{"loc":{"start":{"line":59,"column":7},"end":{"line":62,"column":null}},"type":"binary-expr","locations":[{"start":{"line":59,"column":7},"end":{"line":59,"column":null}},{"start":{"line":60,"column":8},"end":{"line":62,"column":null}}],"line":59},"10":{"loc":{"start":{"line":73,"column":25},"end":{"line":73,"column":null}},"type":"binary-expr","locations":[{"start":{"line":73,"column":25},"end":{"line":73,"column":37}},{"start":{"line":73,"column":37},"end":{"line":73,"column":null}}],"line":73},"11":{"loc":{"start":{"line":88,"column":19},"end":{"line":93,"column":null}},"type":"binary-expr","locations":[{"start":{"line":88,"column":19},"end":{"line":88,"column":null}},{"start":{"line":89,"column":20},"end":{"line":93,"column":null}}],"line":88},"12":{"loc":{"start":{"line":90,"column":60},"end":{"line":90,"column":null}},"type":"cond-expr","locations":[{"start":{"line":90,"column":75},"end":{"line":90,"column":79}},{"start":{"line":90,"column":79},"end":{"line":90,"column":null}}],"line":90},"13":{"loc":{"start":{"line":96,"column":19},"end":{"line":121,"column":null}},"type":"binary-expr","locations":[{"start":{"line":96,"column":19},"end":{"line":96,"column":null}},{"start":{"line":97,"column":20},"end":{"line":121,"column":null}}],"line":96},"14":{"loc":{"start":{"line":100,"column":27},"end":{"line":110,"column":null}},"type":"binary-expr","locations":[{"start":{"line":100,"column":27},"end":{"line":100,"column":null}},{"start":{"line":101,"column":28},"end":{"line":110,"column":null}}],"line":100}},"s":{"0":11,"1":11,"2":11,"3":4,"4":4,"5":11,"6":9,"7":6,"8":3,"9":1,"10":2,"11":2,"12":2,"13":2,"14":2,"15":11,"16":1,"17":8,"18":1,"19":7,"20":7,"21":7,"22":7},"f":{"0":11,"1":4,"2":4,"3":9,"4":2,"5":7},"b":{"0":[11],"1":[11],"2":[1,3],"3":[6,3],"4":[9,3],"5":[1,2],"6":[2,0],"7":[1,8],"8":[1,7],"9":[7,7],"10":[7,0],"11":[7,4],"12":[4,0],"13":[7,6],"14":[6,0]},"meta":{"lastBranch":15,"lastFunction":6,"lastStatement":23,"seen":{"f:20:16:20:63":0,"b:25:12:25:Infinity":0,"b:26:17:26:Infinity":1,"s:32:32:32:Infinity":0,"s:33:8:33:Infinity":1,"s:35:23:37:Infinity":2,"f:35:23:35:24":1,"s:36:4:36:Infinity":3,"f:36:17:36:18":2,"s:36:28:36:52":4,"b:36:42:36:49:36:49:36:52":2,"s:39:2:48:Infinity":5,"f:39:12:39:18":3,"b:40:4:40:Infinity:undefined:undefined:undefined:undefined":3,"s:40:4:40:Infinity":6,"b:40:8:40:22:40:22:40:36":4,"s:40:36:40:Infinity":7,"b:41:4:41:Infinity:undefined:undefined:undefined:undefined":5,"s:41:4:41:Infinity":8,"s:41:45:41:Infinity":9,"s:43:25:43:Infinity":10,"f:43:35:43:36":4,"s:43:45:43:67":11,"b:44:4:47:Infinity:undefined:undefined:undefined:undefined":6,"s:44:4:47:Infinity":12,"s:45:6:45:Infinity":13,"s:46:6:46:Infinity":14,"b:51:2:55:Infinity:53:2:55:Infinity":7,"s:51:2:55:Infinity":15,"s:52:4:52:Infinity":16,"b:53:2:55:Infinity:undefined:undefined:undefined:undefined":8,"s:53:2:55:Infinity":17,"s:54:4:54:Infinity":18,"s:57:2:129:Infinity":19,"b:59:7:59:Infinity:60:8:62:Infinity":9,"f:72:20:72:21":5,"s:73:25:73:Infinity":20,"b:73:25:73:37:73:37:73:Infinity":10,"s:74:29:74:Infinity":21,"s:76:14:123:Infinity":22,"b:88:19:88:Infinity:89:20:93:Infinity":11,"b:90:75:90:79:90:79:90:Infinity":12,"b:96:19:96:Infinity:97:20:121:Infinity":13,"b:100:27:100:Infinity:101:28:110:Infinity":14}}}
,"C:\\development\\fog-ui\\src\\components\\table\\NestedTable.tsx": {"path":"C:\\development\\fog-ui\\src\\components\\table\\NestedTable.tsx","statementMap":{"0":{"start":{"line":21,"column":2},"end":{"line":21,"column":null}},"1":{"start":{"line":21,"column":21},"end":{"line":21,"column":null}},"2":{"start":{"line":22,"column":21},"end":{"line":22,"column":null}},"3":{"start":{"line":24,"column":2},"end":{"line":28,"column":null}},"4":{"start":{"line":25,"column":4},"end":{"line":25,"column":null}},"5":{"start":{"line":26,"column":2},"end":{"line":28,"column":null}},"6":{"start":{"line":27,"column":4},"end":{"line":27,"column":null}},"7":{"start":{"line":30,"column":2},"end":{"line":48,"column":null}},"8":{"start":{"line":39,"column":10},"end":{"line":45,"column":null}},"9":{"start":{"line":41,"column":14},"end":{"line":43,"column":null}}},"fnMap":{"0":{"name":"NestedTable","decl":{"start":{"line":14,"column":16},"end":{"line":14,"column":31}},"loc":{"start":{"line":20,"column":34},"end":{"line":50,"column":null}},"line":20},"1":{"name":"(anonymous_1)","decl":{"start":{"line":38,"column":24},"end":{"line":38,"column":25}},"loc":{"start":{"line":39,"column":10},"end":{"line":45,"column":null}},"line":39},"2":{"name":"(anonymous_2)","decl":{"start":{"line":40,"column":44},"end":{"line":40,"column":45}},"loc":{"start":{"line":41,"column":14},"end":{"line":43,"column":null}},"line":41}},"branchMap":{"0":{"loc":{"start":{"line":19,"column":2},"end":{"line":19,"column":null}},"type":"default-arg","locations":[{"start":{"line":19,"column":17},"end":{"line":19,"column":null}}],"line":19},"1":{"loc":{"start":{"line":21,"column":2},"end":{"line":21,"column":null}},"type":"if","locations":[{"start":{"line":21,"column":2},"end":{"line":21,"column":null}},{"start":{},"end":{}}],"line":21},"2":{"loc":{"start":{"line":24,"column":2},"end":{"line":28,"column":null}},"type":"if","locations":[{"start":{"line":24,"column":2},"end":{"line":28,"column":null}},{"start":{"line":26,"column":2},"end":{"line":28,"column":null}}],"line":24},"3":{"loc":{"start":{"line":26,"column":2},"end":{"line":28,"column":null}},"type":"if","locations":[{"start":{"line":26,"column":2},"end":{"line":28,"column":null}},{"start":{},"end":{}}],"line":26},"4":{"loc":{"start":{"line":42,"column":17},"end":{"line":42,"column":null}},"type":"cond-expr","locations":[{"start":{"line":42,"column":31},"end":{"line":42,"column":52}},{"start":{"line":42,"column":52},"end":{"line":42,"column":null}}],"line":42},"5":{"loc":{"start":{"line":39,"column":25},"end":{"line":39,"column":null}},"type":"binary-expr","locations":[{"start":{"line":39,"column":25},"end":{"line":39,"column":38}},{"start":{"line":39,"column":38},"end":{"line":39,"column":null}}],"line":39}},"s":{"0":9,"1":1,"2":7,"3":7,"4":1,"5":6,"6":1,"7":5,"8":5,"9":5},"f":{"0":9,"1":5,"2":5},"b":{"0":[9],"1":[1,8],"2":[1,6],"3":[1,5],"4":[0,5],"5":[5,0]},"meta":{"lastBranch":6,"lastFunction":3,"lastStatement":10,"seen":{"f:14:16:14:31":0,"b:19:17:19:Infinity":0,"b:21:2:21:Infinity:undefined:undefined:undefined:undefined":1,"s:21:2:21:Infinity":0,"s:21:21:21:Infinity":1,"s:22:21:22:Infinity":2,"b:24:2:28:Infinity:26:2:28:Infinity":2,"s:24:2:28:Infinity":3,"s:25:4:25:Infinity":4,"b:26:2:28:Infinity:undefined:undefined:undefined:undefined":3,"s:26:2:28:Infinity":5,"s:27:4:27:Infinity":6,"s:30:2:48:Infinity":7,"f:38:24:38:25":1,"s:39:10:45:Infinity":8,"f:40:44:40:45":2,"s:41:14:43:Infinity":9,"b:42:31:42:52:42:52:42:Infinity":4,"b:39:25:39:38:39:38:39:Infinity":5}}}
,"C:\\development\\fog-ui\\src\\components\\table\\NoDataTableRow.tsx": {"path":"C:\\development\\fog-ui\\src\\components\\table\\NoDataTableRow.tsx","statementMap":{"0":{"start":{"line":6,"column":2},"end":{"line":11,"column":null}}},"fnMap":{"0":{"name":"NoDataTableRow","decl":{"start":{"line":4,"column":16},"end":{"line":4,"column":34}},"loc":{"start":{"line":4,"column":111},"end":{"line":13,"column":null}},"line":4}},"branchMap":{"0":{"loc":{"start":{"line":4,"column":44},"end":{"line":4,"column":74}},"type":"default-arg","locations":[{"start":{"line":4,"column":54},"end":{"line":4,"column":74}}],"line":4}},"s":{"0":3},"f":{"0":3},"b":{"0":[3]},"meta":{"lastBranch":1,"lastFunction":1,"lastStatement":1,"seen":{"f:4:16:4:34":0,"b:4:54:4:74":0,"s:6:2:11:Infinity":0}}}
,"C:\\development\\fog-ui\\src\\components\\table\\TableHeader.tsx": {"path":"C:\\development\\fog-ui\\src\\components\\table\\TableHeader.tsx","statementMap":{"0":{"start":{"line":9,"column":2},"end":{"line":20,"column":null}},"1":{"start":{"line":14,"column":10},"end":{"line":16,"column":null}}},"fnMap":{"0":{"name":"TableHeader","decl":{"start":{"line":4,"column":16},"end":{"line":4,"column":31}},"loc":{"start":{"line":8,"column":34},"end":{"line":22,"column":null}},"line":8},"1":{"name":"(anonymous_1)","decl":{"start":{"line":13,"column":21},"end":{"line":13,"column":22}},"loc":{"start":{"line":14,"column":10},"end":{"line":16,"column":null}},"line":14}},"branchMap":{"0":{"loc":{"start":{"line":6,"column":2},"end":{"line":6,"column":null}},"type":"default-arg","locations":[{"start":{"line":6,"column":14},"end":{"line":6,"column":null}}],"line":6},"1":{"loc":{"start":{"line":7,"column":2},"end":{"line":7,"column":null}},"type":"default-arg","locations":[{"start":{"line":7,"column":15},"end":{"line":7,"column":null}}],"line":7},"2":{"loc":{"start":{"line":12,"column":9},"end":{"line":12,"column":null}},"type":"binary-expr","locations":[{"start":{"line":12,"column":9},"end":{"line":12,"column":22}},{"start":{"line":12,"column":22},"end":{"line":12,"column":null}}],"line":12},"3":{"loc":{"start":{"line":14,"column":50},"end":{"line":14,"column":null}},"type":"binary-expr","locations":[{"start":{"line":14,"column":50},"end":{"line":14,"column":63}},{"start":{"line":14,"column":63},"end":{"line":14,"column":null}}],"line":14},"4":{"loc":{"start":{"line":18,"column":9},"end":{"line":18,"column":null}},"type":"binary-expr","locations":[{"start":{"line":18,"column":9},"end":{"line":18,"column":23}},{"start":{"line":18,"column":23},"end":{"line":18,"column":null}}],"line":18}},"s":{"0":12,"1":12},"f":{"0":12,"1":12},"b":{"0":[12],"1":[12],"2":[12,6],"3":[12,12],"4":[12,0]},"meta":{"lastBranch":5,"lastFunction":2,"lastStatement":2,"seen":{"f:4:16:4:31":0,"b:6:14:6:Infinity":0,"b:7:15:7:Infinity":1,"s:9:2:20:Infinity":0,"b:12:9:12:22:12:22:12:Infinity":2,"f:13:21:13:22":1,"s:14:10:16:Infinity":1,"b:14:50:14:63:14:63:14:Infinity":3,"b:18:9:18:23:18:23:18:Infinity":4}}}
,"C:\\development\\fog-ui\\src\\components\\tabs\\Tabs.tsx": {"path":"C:\\development\\fog-ui\\src\\components\\tabs\\Tabs.tsx","statementMap":{"0":{"start":{"line":5,"column":55},"end":{"line":27,"column":null}},"1":{"start":{"line":6,"column":34},"end":{"line":6,"column":null}},"2":{"start":{"line":8,"column":25},"end":{"line":10,"column":null}},"3":{"start":{"line":9,"column":8},"end":{"line":9,"column":null}},"4":{"start":{"line":12,"column":4},"end":{"line":25,"column":null}},"5":{"start":{"line":15,"column":47},"end":{"line":15,"column":85}},"6":{"start":{"line":20,"column":20},"end":{"line":22,"column":null}}},"fnMap":{"0":{"name":"(anonymous_0)","decl":{"start":{"line":5,"column":55},"end":{"line":5,"column":56}},"loc":{"start":{"line":5,"column":73},"end":{"line":27,"column":null}},"line":5},"1":{"name":"(anonymous_1)","decl":{"start":{"line":8,"column":25},"end":{"line":8,"column":26}},"loc":{"start":{"line":8,"column":76},"end":{"line":10,"column":null}},"line":8},"2":{"name":"(anonymous_2)","decl":{"start":{"line":15,"column":30},"end":{"line":15,"column":31}},"loc":{"start":{"line":15,"column":47},"end":{"line":15,"column":85}},"line":15},"3":{"name":"(anonymous_3)","decl":{"start":{"line":19,"column":30},"end":{"line":19,"column":31}},"loc":{"start":{"line":20,"column":20},"end":{"line":22,"column":null}},"line":20}},"branchMap":{"0":{"loc":{"start":{"line":21,"column":25},"end":{"line":21,"column":null}},"type":"binary-expr","locations":[{"start":{"line":21,"column":25},"end":{"line":21,"column":49}},{"start":{"line":21,"column":49},"end":{"line":21,"column":null}}],"line":21}},"s":{"0":1,"1":1,"2":1,"3":0,"4":1,"5":2,"6":2},"f":{"0":1,"1":0,"2":2,"3":2},"b":{"0":[2,1]},"meta":{"lastBranch":1,"lastFunction":4,"lastStatement":7,"seen":{"s:5:55:27:Infinity":0,"f:5:55:5:56":0,"s:6:34:6:Infinity":1,"s:8:25:10:Infinity":2,"f:8:25:8:26":1,"s:9:8:9:Infinity":3,"s:12:4:25:Infinity":4,"f:15:30:15:31":2,"s:15:47:15:85":5,"f:19:30:19:31":3,"s:20:20:22:Infinity":6,"b:21:25:21:49:21:49:21:Infinity":0}}}
,"C:\\development\\fog-ui\\src\\components\\template\\PageWrapper.tsx": {"path":"C:\\development\\fog-ui\\src\\components\\template\\PageWrapper.tsx","statementMap":{"0":{"start":{"line":16,"column":55},"end":{"line":90,"column":null}},"1":{"start":{"line":17,"column":8},"end":{"line":17,"column":null}},"2":{"start":{"line":18,"column":8},"end":{"line":18,"column":null}},"3":{"start":{"line":19,"column":8},"end":{"line":19,"column":null}},"4":{"start":{"line":20,"column":8},"end":{"line":20,"column":null}},"5":{"start":{"line":22,"column":32},"end":{"line":24,"column":null}},"6":{"start":{"line":23,"column":10},"end":{"line":23,"column":null}},"7":{"start":{"line":27,"column":8},"end":{"line":27,"column":null}},"8":{"start":{"line":29,"column":27},"end":{"line":33,"column":null}},"9":{"start":{"line":30,"column":4},"end":{"line":30,"column":null}},"10":{"start":{"line":31,"column":4},"end":{"line":31,"column":null}},"11":{"start":{"line":32,"column":4},"end":{"line":32,"column":null}},"12":{"start":{"line":35,"column":2},"end":{"line":44,"column":null}},"13":{"start":{"line":36,"column":32},"end":{"line":40,"column":null}},"14":{"start":{"line":37,"column":6},"end":{"line":39,"column":null}},"15":{"start":{"line":38,"column":8},"end":{"line":38,"column":null}},"16":{"start":{"line":42,"column":4},"end":{"line":42,"column":null}},"17":{"start":{"line":43,"column":4},"end":{"line":43,"column":null}},"18":{"start":{"line":43,"column":17},"end":{"line":43,"column":null}},"19":{"start":{"line":46,"column":46},"end":{"line":54,"column":null}},"20":{"start":{"line":52,"column":35},"end":{"line":52,"column":null}},"21":{"start":{"line":56,"column":2},"end":{"line":88,"column":null}},"22":{"start":{"line":67,"column":12},"end":{"line":76,"column":null}},"23":{"start":{"line":70,"column":16},"end":{"line":74,"column":null}},"24":{"start":{"line":71,"column":49},"end":{"line":71,"column":73}}},"fnMap":{"0":{"name":"(anonymous_0)","decl":{"start":{"line":16,"column":55},"end":{"line":16,"column":56}},"loc":{"start":{"line":16,"column":84},"end":{"line":90,"column":null}},"line":16},"1":{"name":"(anonymous_1)","decl":{"start":{"line":23,"column":4},"end":{"line":23,"column":10}},"loc":{"start":{"line":23,"column":10},"end":{"line":23,"column":null}},"line":23},"2":{"name":"(anonymous_2)","decl":{"start":{"line":29,"column":27},"end":{"line":29,"column":28}},"loc":{"start":{"line":29,"column":47},"end":{"line":33,"column":null}},"line":29},"3":{"name":"(anonymous_3)","decl":{"start":{"line":35,"column":12},"end":{"line":35,"column":18}},"loc":{"start":{"line":35,"column":18},"end":{"line":44,"column":5}},"line":35},"4":{"name":"(anonymous_4)","decl":{"start":{"line":36,"column":32},"end":{"line":36,"column":33}},"loc":{"start":{"line":36,"column":57},"end":{"line":40,"column":null}},"line":36},"5":{"name":"(anonymous_5)","decl":{"start":{"line":43,"column":11},"end":{"line":43,"column":17}},"loc":{"start":{"line":43,"column":17},"end":{"line":43,"column":null}},"line":43},"6":{"name":"(anonymous_6)","decl":{"start":{"line":52,"column":16},"end":{"line":52,"column":17}},"loc":{"start":{"line":52,"column":35},"end":{"line":52,"column":null}},"line":52},"7":{"name":"(anonymous_7)","decl":{"start":{"line":66,"column":44},"end":{"line":66,"column":45}},"loc":{"start":{"line":67,"column":12},"end":{"line":76,"column":null}},"line":67},"8":{"name":"(anonymous_8)","decl":{"start":{"line":69,"column":25},"end":{"line":69,"column":26}},"loc":{"start":{"line":70,"column":16},"end":{"line":74,"column":null}},"line":70},"9":{"name":"(anonymous_9)","decl":{"start":{"line":71,"column":43},"end":{"line":71,"column":49}},"loc":{"start":{"line":71,"column":49},"end":{"line":71,"column":73}},"line":71}},"branchMap":{"0":{"loc":{"start":{"line":23,"column":10},"end":{"line":23,"column":null}},"type":"binary-expr","locations":[{"start":{"line":23,"column":10},"end":{"line":23,"column":47}},{"start":{"line":23,"column":47},"end":{"line":23,"column":null}}],"line":23},"1":{"loc":{"start":{"line":37,"column":6},"end":{"line":39,"column":null}},"type":"if","locations":[{"start":{"line":37,"column":6},"end":{"line":39,"column":null}},{"start":{},"end":{}}],"line":37},"2":{"loc":{"start":{"line":37,"column":10},"end":{"line":37,"column":55}},"type":"binary-expr","locations":[{"start":{"line":37,"column":10},"end":{"line":37,"column":39}},{"start":{"line":37,"column":39},"end":{"line":37,"column":55}}],"line":37}},"s":{"0":3,"1":6,"2":6,"3":6,"4":6,"5":6,"6":3,"7":6,"8":6,"9":1,"10":1,"11":1,"12":6,"13":3,"14":1,"15":1,"16":3,"17":3,"18":3,"19":6,"20":0,"21":6,"22":4,"23":4,"24":1},"f":{"0":6,"1":3,"2":1,"3":3,"4":1,"5":3,"6":0,"7":4,"8":4,"9":1},"b":{"0":[3,3],"1":[1,0],"2":[1,1]},"meta":{"lastBranch":3,"lastFunction":10,"lastStatement":25,"seen":{"s:16:55:90:Infinity":0,"f:16:55:16:56":0,"s:17:8:17:Infinity":1,"s:18:8:18:Infinity":2,"s:19:8:19:Infinity":3,"s:20:8:20:Infinity":4,"s:22:32:24:Infinity":5,"f:23:4:23:10":1,"s:23:10:23:Infinity":6,"b:23:10:23:47:23:47:23:Infinity":0,"s:27:8:27:Infinity":7,"s:29:27:33:Infinity":8,"f:29:27:29:28":2,"s:30:4:30:Infinity":9,"s:31:4:31:Infinity":10,"s:32:4:32:Infinity":11,"s:35:2:44:Infinity":12,"f:35:12:35:18":3,"s:36:32:40:Infinity":13,"f:36:32:36:33":4,"b:37:6:39:Infinity:undefined:undefined:undefined:undefined":1,"s:37:6:39:Infinity":14,"b:37:10:37:39:37:39:37:55":2,"s:38:8:38:Infinity":15,"s:42:4:42:Infinity":16,"s:43:4:43:Infinity":17,"f:43:11:43:17":5,"s:43:17:43:Infinity":18,"s:46:46:54:Infinity":19,"f:52:16:52:17":6,"s:52:35:52:Infinity":20,"s:56:2:88:Infinity":21,"f:66:44:66:45":7,"s:67:12:76:Infinity":22,"f:69:25:69:26":8,"s:70:16:74:Infinity":23,"f:71:43:71:49":9,"s:71:49:71:73":24}}}
,"C:\\development\\fog-ui\\src\\components\\template\\Topbar.tsx": {"path":"C:\\development\\fog-ui\\src\\components\\template\\Topbar.tsx","statementMap":{"0":{"start":{"line":6,"column":45},"end":{"line":33,"column":null}},"1":{"start":{"line":7,"column":10},"end":{"line":7,"column":null}},"2":{"start":{"line":9,"column":29},"end":{"line":11,"column":null}},"3":{"start":{"line":10,"column":8},"end":{"line":10,"column":null}},"4":{"start":{"line":13,"column":25},"end":{"line":17,"column":null}},"5":{"start":{"line":14,"column":8},"end":{"line":14,"column":null}},"6":{"start":{"line":15,"column":8},"end":{"line":15,"column":null}},"7":{"start":{"line":16,"column":8},"end":{"line":16,"column":null}},"8":{"start":{"line":19,"column":4},"end":{"line":31,"column":null}}},"fnMap":{"0":{"name":"(anonymous_0)","decl":{"start":{"line":6,"column":45},"end":{"line":6,"column":46}},"loc":{"start":{"line":6,"column":64},"end":{"line":33,"column":null}},"line":6},"1":{"name":"(anonymous_1)","decl":{"start":{"line":9,"column":29},"end":{"line":9,"column":35}},"loc":{"start":{"line":9,"column":35},"end":{"line":11,"column":null}},"line":9},"2":{"name":"(anonymous_2)","decl":{"start":{"line":13,"column":25},"end":{"line":13,"column":31}},"loc":{"start":{"line":13,"column":31},"end":{"line":17,"column":null}},"line":13}},"branchMap":{},"s":{"0":5,"1":8,"2":8,"3":1,"4":8,"5":1,"6":1,"7":1,"8":8},"f":{"0":8,"1":1,"2":1},"b":{},"meta":{"lastBranch":0,"lastFunction":3,"lastStatement":9,"seen":{"s:6:45:33:Infinity":0,"f:6:45:6:46":0,"s:7:10:7:Infinity":1,"s:9:29:11:Infinity":2,"f:9:29:9:35":1,"s:10:8:10:Infinity":3,"s:13:25:17:Infinity":4,"f:13:25:13:31":2,"s:14:8:14:Infinity":5,"s:15:8:15:Infinity":6,"s:16:8:16:Infinity":7,"s:19:4:31:Infinity":8}}}
,"C:\\development\\fog-ui\\src\\context\\ThemeContext.tsx": {"path":"C:\\development\\fog-ui\\src\\context\\ThemeContext.tsx","statementMap":{"0":{"start":{"line":11,"column":13},"end":{"line":16,"column":null}},"1":{"start":{"line":18,"column":71},"end":{"line":55,"column":null}},"2":{"start":{"line":19,"column":23},"end":{"line":19,"column":null}},"3":{"start":{"line":20,"column":24},"end":{"line":20,"column":null}},"4":{"start":{"line":22,"column":24},"end":{"line":22,"column":null}},"5":{"start":{"line":23,"column":40},"end":{"line":23,"column":null}},"6":{"start":{"line":25,"column":4},"end":{"line":25,"column":null}},"7":{"start":{"line":25,"column":21},"end":{"line":25,"column":61}},"8":{"start":{"line":27,"column":4},"end":{"line":27,"column":null}},"9":{"start":{"line":27,"column":21},"end":{"line":27,"column":72}},"10":{"start":{"line":29,"column":10},"end":{"line":40,"column":null}},"11":{"start":{"line":30,"column":8},"end":{"line":38,"column":null}},"12":{"start":{"line":42,"column":24},"end":{"line":44,"column":null}},"13":{"start":{"line":43,"column":8},"end":{"line":43,"column":null}},"14":{"start":{"line":43,"column":31},"end":{"line":43,"column":71}},"15":{"start":{"line":46,"column":31},"end":{"line":48,"column":null}},"16":{"start":{"line":47,"column":8},"end":{"line":47,"column":null}},"17":{"start":{"line":50,"column":4},"end":{"line":53,"column":null}}},"fnMap":{"0":{"name":"(anonymous_0)","decl":{"start":{"line":12,"column":17},"end":{"line":12,"column":23}},"loc":{"start":{"line":12,"column":23},"end":{"line":12,"column":null}},"line":12},"1":{"name":"(anonymous_1)","decl":{"start":{"line":13,"column":24},"end":{"line":13,"column":30}},"loc":{"start":{"line":13,"column":30},"end":{"line":13,"column":null}},"line":13},"2":{"name":"(anonymous_2)","decl":{"start":{"line":18,"column":71},"end":{"line":18,"column":72}},"loc":{"start":{"line":18,"column":89},"end":{"line":55,"column":null}},"line":18},"3":{"name":"(anonymous_3)","decl":{"start":{"line":25,"column":14},"end":{"line":25,"column":20}},"loc":{"start":{"line":25,"column":20},"end":{"line":25,"column":64}},"line":25},"4":{"name":"(anonymous_4)","decl":{"start":{"line":27,"column":14},"end":{"line":27,"column":20}},"loc":{"start":{"line":27,"column":20},"end":{"line":27,"column":75}},"line":27},"5":{"name":"(anonymous_5)","decl":{"start":{"line":30,"column":8},"end":{"line":30,"column":null}},"loc":{"start":{"line":30,"column":8},"end":{"line":38,"column":null}},"line":30},"6":{"name":"(anonymous_6)","decl":{"start":{"line":42,"column":24},"end":{"line":42,"column":30}},"loc":{"start":{"line":42,"column":30},"end":{"line":44,"column":null}},"line":42},"7":{"name":"(anonymous_7)","decl":{"start":{"line":43,"column":16},"end":{"line":43,"column":17}},"loc":{"start":{"line":43,"column":31},"end":{"line":43,"column":71}},"line":43},"8":{"name":"(anonymous_8)","decl":{"start":{"line":46,"column":31},"end":{"line":46,"column":32}},"loc":{"start":{"line":46,"column":50},"end":{"line":48,"column":null}},"line":46}},"branchMap":{"0":{"loc":{"start":{"line":20,"column":24},"end":{"line":20,"column":null}},"type":"binary-expr","locations":[{"start":{"line":20,"column":24},"end":{"line":20,"column":64}},{"start":{"line":20,"column":64},"end":{"line":20,"column":null}}],"line":20},"1":{"loc":{"start":{"line":22,"column":55},"end":{"line":22,"column":76}},"type":"binary-expr","locations":[{"start":{"line":22,"column":55},"end":{"line":22,"column":69}},{"start":{"line":22,"column":69},"end":{"line":22,"column":76}}],"line":22},"2":{"loc":{"start":{"line":43,"column":31},"end":{"line":43,"column":71}},"type":"cond-expr","locations":[{"start":{"line":43,"column":54},"end":{"line":43,"column":63}},{"start":{"line":43,"column":63},"end":{"line":43,"column":71}}],"line":43}},"s":{"0":33,"1":33,"2":65,"3":65,"4":65,"5":65,"6":65,"7":46,"8":65,"9":45,"10":65,"11":46,"12":65,"13":1,"14":1,"15":65,"16":0,"17":65},"f":{"0":0,"1":0,"2":65,"3":46,"4":45,"5":46,"6":1,"7":1,"8":0},"b":{"0":[65,33],"1":[65,33],"2":[1,0]},"meta":{"lastBranch":3,"lastFunction":9,"lastStatement":18,"seen":{"s:11:13:16:Infinity":0,"f:12:17:12:23":0,"f:13:24:13:30":1,"s:18:71:55:Infinity":1,"f:18:71:18:72":2,"s:19:23:19:Infinity":2,"s:20:24:20:Infinity":3,"b:20:24:20:64:20:64:20:Infinity":0,"s:22:24:22:Infinity":4,"b:22:55:22:69:22:69:22:76":1,"s:23:40:23:Infinity":5,"s:25:4:25:Infinity":6,"f:25:14:25:20":3,"s:25:21:25:61":7,"s:27:4:27:Infinity":8,"f:27:14:27:20":4,"s:27:21:27:72":9,"s:29:10:40:Infinity":10,"f:30:8:30:Infinity":5,"s:30:8:38:Infinity":11,"s:42:24:44:Infinity":12,"f:42:24:42:30":6,"s:43:8:43:Infinity":13,"f:43:16:43:17":7,"s:43:31:43:71":14,"b:43:54:43:63:43:63:43:71":2,"s:46:31:48:Infinity":15,"f:46:31:46:32":8,"s:47:8:47:Infinity":16,"s:50:4:53:Infinity":17}}}
,"C:\\development\\fog-ui\\src\\hooks\\useResolvedMenu.ts": {"path":"C:\\development\\fog-ui\\src\\hooks\\useResolvedMenu.ts","statementMap":{"0":{"start":{"line":6,"column":1},"end":{"line":6,"column":null}}},"fnMap":{"0":{"name":"useResolvedMenu","decl":{"start":{"line":5,"column":16},"end":{"line":5,"column":32}},"loc":{"start":{"line":5,"column":71},"end":{"line":7,"column":null}},"line":5}},"branchMap":{},"s":{"0":6},"f":{"0":6},"b":{},"meta":{"lastBranch":0,"lastFunction":1,"lastStatement":1,"seen":{"f:5:16:5:32":0,"s:6:1:6:Infinity":0}}}
,"C:\\development\\fog-ui\\src\\style\\muiComponentStyles\\containerStyles.ts": {"path":"C:\\development\\fog-ui\\src\\style\\muiComponentStyles\\containerStyles.ts","statementMap":{"0":{"start":{"line":3,"column":29},"end":{"line":9,"column":null}},"1":{"start":{"line":3,"column":48},"end":{"line":9,"column":null}},"2":{"start":{"line":11,"column":31},"end":{"line":20,"column":null}},"3":{"start":{"line":11,"column":50},"end":{"line":20,"column":null}}},"fnMap":{"0":{"name":"(anonymous_0)","decl":{"start":{"line":3,"column":29},"end":{"line":3,"column":30}},"loc":{"start":{"line":3,"column":48},"end":{"line":9,"column":null}},"line":3},"1":{"name":"(anonymous_1)","decl":{"start":{"line":11,"column":31},"end":{"line":11,"column":32}},"loc":{"start":{"line":11,"column":50},"end":{"line":20,"column":null}},"line":11}},"branchMap":{},"s":{"0":3,"1":5,"2":3,"3":5},"f":{"0":5,"1":5},"b":{},"meta":{"lastBranch":0,"lastFunction":2,"lastStatement":4,"seen":{"s:3:29:9:Infinity":0,"f:3:29:3:30":0,"s:3:48:9:Infinity":1,"s:11:31:20:Infinity":2,"f:11:31:11:32":1,"s:11:50:20:Infinity":3}}}
,"C:\\development\\fog-ui\\src\\style\\muiComponentStyles\\sharedComponentStyles.ts": {"path":"C:\\development\\fog-ui\\src\\style\\muiComponentStyles\\sharedComponentStyles.ts","statementMap":{"0":{"start":{"line":3,"column":40},"end":{"line":14,"column":null}},"1":{"start":{"line":3,"column":59},"end":{"line":14,"column":null}}},"fnMap":{"0":{"name":"(anonymous_0)","decl":{"start":{"line":3,"column":40},"end":{"line":3,"column":41}},"loc":{"start":{"line":3,"column":59},"end":{"line":14,"column":null}},"line":3}},"branchMap":{},"s":{"0":1,"1":1},"f":{"0":1},"b":{},"meta":{"lastBranch":0,"lastFunction":1,"lastStatement":2,"seen":{"s:3:40:14:Infinity":0,"f:3:40:3:41":0,"s:3:59:14:Infinity":1}}}
,"C:\\development\\fog-ui\\src\\test\\utils.tsx": {"path":"C:\\development\\fog-ui\\src\\test\\utils.tsx","statementMap":{"0":{"start":{"line":6,"column":18},"end":{"line":9,"column":null}},"1":{"start":{"line":7,"column":1},"end":{"line":9,"column":null}},"2":{"start":{"line":12,"column":28},"end":{"line":13,"column":null}},"3":{"start":{"line":12,"column":53},"end":{"line":13,"column":null}}},"fnMap":{"0":{"name":"(anonymous_0)","decl":{"start":{"line":6,"column":18},"end":{"line":6,"column":19}},"loc":{"start":{"line":7,"column":1},"end":{"line":9,"column":null}},"line":7},"1":{"name":"(anonymous_1)","decl":{"start":{"line":12,"column":28},"end":{"line":12,"column":29}},"loc":{"start":{"line":12,"column":53},"end":{"line":13,"column":null}},"line":12}},"branchMap":{},"s":{"0":33,"1":64,"2":33,"3":45},"f":{"0":64,"1":45},"b":{},"meta":{"lastBranch":0,"lastFunction":2,"lastStatement":4,"seen":{"s:6:18:9:Infinity":0,"f:6:18:6:19":0,"s:7:1:9:Infinity":1,"s:12:28:13:Infinity":2,"f:12:28:12:29":1,"s:12:53:13:Infinity":3}}}
,"C:\\development\\fog-ui\\src\\theme\\theme.ts": {"path":"C:\\development\\fog-ui\\src\\theme\\theme.ts","statementMap":{"0":{"start":{"line":4,"column":28},"end":{"line":13,"column":null}},"1":{"start":{"line":15,"column":1},"end":{"line":15,"column":null}}},"fnMap":{"0":{"name":"createFogTheme","decl":{"start":{"line":3,"column":16},"end":{"line":3,"column":31}},"loc":{"start":{"line":3,"column":55},"end":{"line":16,"column":null}},"line":3}},"branchMap":{"0":{"loc":{"start":{"line":15,"column":35},"end":{"line":15,"column":50}},"type":"binary-expr","locations":[{"start":{"line":15,"column":35},"end":{"line":15,"column":46}},{"start":{"line":15,"column":46},"end":{"line":15,"column":50}}],"line":15}},"s":{"0":1,"1":1},"f":{"0":1},"b":{"0":[1,0]},"meta":{"lastBranch":1,"lastFunction":1,"lastStatement":2,"seen":{"f:3:16:3:31":0,"s:4:28:13:Infinity":0,"s:15:1:15:Infinity":1,"b:15:35:15:46:15:46:15:50":0}}}
}
